{"/home/travis/build/npmtest/node-npmtest-bottleneck/test.js":{"path":"/home/travis/build/npmtest/node-npmtest-bottleneck/test.js","s":{"1":2,"2":2,"3":2,"4":2,"5":2,"6":2,"7":2,"8":1,"9":2,"10":2,"11":1,"12":1,"13":1,"14":1,"15":2,"16":2,"17":2,"18":2,"19":1,"20":1,"21":2,"22":2,"23":2,"24":1,"25":1,"26":1,"27":1,"28":1,"29":1,"30":1,"31":1,"32":1,"33":1,"34":1,"35":1,"36":1,"37":1,"38":1,"39":2,"40":2,"41":1,"42":2,"43":2,"44":1,"45":2,"46":2,"47":1,"48":2,"49":2,"50":1,"51":1,"52":1,"53":1,"54":1},"b":{"1":[2,1,1,1],"2":[1,1,1,1],"3":[1,1],"4":[1,1],"5":[1,1],"6":[1,1],"7":[1,1],"8":[1,1],"9":[1,1],"10":[1,1,1],"11":[1,1],"12":[1,1],"13":[1,1],"14":[1,1],"15":[1,1],"16":[1,1],"17":[1,1]},"f":{"1":2,"2":2,"3":2,"4":2,"5":2,"6":1,"7":1,"8":1,"9":2,"10":2,"11":2,"12":2,"13":1},"fnMap":{"1":{"name":"(anonymous_1)","line":12,"loc":{"start":{"line":12,"column":1},"end":{"line":12,"column":13}}},"2":{"name":"(anonymous_2)","line":19,"loc":{"start":{"line":19,"column":5},"end":{"line":19,"column":17}}},"3":{"name":"(anonymous_3)","line":23,"loc":{"start":{"line":23,"column":24},"end":{"line":23,"column":36}}},"4":{"name":"(anonymous_4)","line":61,"loc":{"start":{"line":61,"column":5},"end":{"line":61,"column":17}}},"5":{"name":"(anonymous_5)","line":82,"loc":{"start":{"line":82,"column":5},"end":{"line":82,"column":17}}},"6":{"name":"(anonymous_6)","line":91,"loc":{"start":{"line":91,"column":77},"end":{"line":94,"column":10}}},"7":{"name":"(anonymous_7)","line":112,"loc":{"start":{"line":112,"column":83},"end":{"line":115,"column":10}},"skip":true},"8":{"name":"(anonymous_8)","line":123,"loc":{"start":{"line":123,"column":77},"end":{"line":126,"column":10}},"skip":true},"9":{"name":"(anonymous_9)","line":139,"loc":{"start":{"line":139,"column":12},"end":{"line":139,"column":40}},"skip":true},"10":{"name":"(anonymous_10)","line":147,"loc":{"start":{"line":147,"column":77},"end":{"line":150,"column":10}},"skip":true},"11":{"name":"(anonymous_11)","line":158,"loc":{"start":{"line":158,"column":83},"end":{"line":161,"column":10}},"skip":true},"12":{"name":"(anonymous_12)","line":169,"loc":{"start":{"line":169,"column":79},"end":{"line":172,"column":10}},"skip":true},"13":{"name":"(anonymous_13)","line":180,"loc":{"start":{"line":180,"column":75},"end":{"line":183,"column":10}},"skip":true}},"statementMap":{"1":{"start":{"line":12,"column":0},"end":{"line":195,"column":5}},"2":{"start":{"line":14,"column":4},"end":{"line":14,"column":14}},"3":{"start":{"line":19,"column":4},"end":{"line":56,"column":9}},"4":{"start":{"line":21,"column":8},"end":{"line":21,"column":19}},"5":{"start":{"line":23,"column":8},"end":{"line":35,"column":13}},"6":{"start":{"line":24,"column":12},"end":{"line":34,"column":13}},"7":{"start":{"line":25,"column":16},"end":{"line":28,"column":30}},"8":{"start":{"line":30,"column":16},"end":{"line":33,"column":27}},"9":{"start":{"line":37,"column":8},"end":{"line":39,"column":21}},"10":{"start":{"line":40,"column":8},"end":{"line":53,"column":9}},"11":{"start":{"line":43,"column":12},"end":{"line":46,"column":14}},"12":{"start":{"line":47,"column":12},"end":{"line":47,"column":18}},"13":{"start":{"line":50,"column":12},"end":{"line":51,"column":46}},"14":{"start":{"line":52,"column":12},"end":{"line":52,"column":18}},"15":{"start":{"line":55,"column":8},"end":{"line":55,"column":35}},"16":{"start":{"line":61,"column":4},"end":{"line":63,"column":9}},"17":{"start":{"line":62,"column":8},"end":{"line":62,"column":15}},"18":{"start":{"line":64,"column":4},"end":{"line":77,"column":5}},"19":{"start":{"line":70,"column":8},"end":{"line":70,"column":14}},"20":{"start":{"line":76,"column":8},"end":{"line":76,"column":14}},"21":{"start":{"line":82,"column":4},"end":{"line":84,"column":9}},"22":{"start":{"line":83,"column":8},"end":{"line":83,"column":15}},"23":{"start":{"line":85,"column":4},"end":{"line":194,"column":5}},"24":{"start":{"line":91,"column":8},"end":{"line":99,"column":10}},"25":{"start":{"line":98,"column":12},"end":{"line":98,"column":35}},"26":{"start":{"line":102,"column":8},"end":{"line":104,"column":63}},"27":{"start":{"line":105,"column":8},"end":{"line":105,"column":14}},"28":{"start":{"line":112,"column":8},"end":{"line":121,"column":10},"skip":true},"29":{"start":{"line":119,"column":12},"end":{"line":119,"column":55},"skip":true},"30":{"start":{"line":120,"column":12},"end":{"line":120,"column":48},"skip":true},"31":{"start":{"line":123,"column":8},"end":{"line":136,"column":10},"skip":true},"32":{"start":{"line":130,"column":12},"end":{"line":130,"column":76},"skip":true},"33":{"start":{"line":131,"column":12},"end":{"line":131,"column":73},"skip":true},"34":{"start":{"line":132,"column":12},"end":{"line":132,"column":74},"skip":true},"35":{"start":{"line":133,"column":12},"end":{"line":133,"column":79},"skip":true},"36":{"start":{"line":134,"column":12},"end":{"line":134,"column":25},"skip":true},"37":{"start":{"line":135,"column":12},"end":{"line":135,"column":45},"skip":true},"38":{"start":{"line":138,"column":8},"end":{"line":145,"column":14},"skip":true},"39":{"start":{"line":143,"column":16},"end":{"line":143,"column":29},"skip":true},"40":{"start":{"line":144,"column":16},"end":{"line":144,"column":55},"skip":true},"41":{"start":{"line":147,"column":8},"end":{"line":156,"column":10},"skip":true},"42":{"start":{"line":154,"column":12},"end":{"line":154,"column":25},"skip":true},"43":{"start":{"line":155,"column":12},"end":{"line":155,"column":45},"skip":true},"44":{"start":{"line":158,"column":8},"end":{"line":167,"column":10},"skip":true},"45":{"start":{"line":165,"column":12},"end":{"line":165,"column":25},"skip":true},"46":{"start":{"line":166,"column":12},"end":{"line":166,"column":48},"skip":true},"47":{"start":{"line":169,"column":8},"end":{"line":178,"column":10},"skip":true},"48":{"start":{"line":176,"column":12},"end":{"line":176,"column":25},"skip":true},"49":{"start":{"line":177,"column":12},"end":{"line":177,"column":46},"skip":true},"50":{"start":{"line":180,"column":8},"end":{"line":189,"column":10},"skip":true},"51":{"start":{"line":187,"column":12},"end":{"line":187,"column":94},"skip":true},"52":{"start":{"line":188,"column":12},"end":{"line":188,"column":48},"skip":true},"53":{"start":{"line":192,"column":8},"end":{"line":192,"column":35},"skip":true},"54":{"start":{"line":193,"column":8},"end":{"line":193,"column":14},"skip":true}},"branchMap":{"1":{"line":25,"type":"binary-expr","locations":[{"start":{"line":25,"column":23},"end":{"line":25,"column":62}},{"start":{"line":26,"column":20},"end":{"line":26,"column":70}},{"start":{"line":27,"column":20},"end":{"line":27,"column":71}},{"start":{"line":28,"column":20},"end":{"line":28,"column":29}}]},"2":{"line":30,"type":"binary-expr","locations":[{"start":{"line":30,"column":23},"end":{"line":30,"column":37}},{"start":{"line":31,"column":20},"end":{"line":31,"column":61}},{"start":{"line":32,"column":20},"end":{"line":32,"column":70}},{"start":{"line":33,"column":20},"end":{"line":33,"column":26}}]},"3":{"line":37,"type":"cond-expr","locations":[{"start":{"line":38,"column":14},"end":{"line":38,"column":20}},{"start":{"line":39,"column":14},"end":{"line":39,"column":20}}]},"4":{"line":40,"type":"switch","locations":[{"start":{"line":42,"column":8},"end":{"line":47,"column":18}},{"start":{"line":49,"column":8},"end":{"line":52,"column":18}}]},"5":{"line":44,"type":"binary-expr","locations":[{"start":{"line":44,"column":16},"end":{"line":44,"column":44}},{"start":{"line":44,"column":48},"end":{"line":44,"column":66}}]},"6":{"line":50,"type":"binary-expr","locations":[{"start":{"line":50,"column":21},"end":{"line":50,"column":49}},{"start":{"line":50,"column":53},"end":{"line":50,"column":72}}]},"7":{"line":64,"type":"switch","locations":[{"start":{"line":69,"column":4},"end":{"line":70,"column":14}},{"start":{"line":75,"column":4},"end":{"line":76,"column":14}}]},"8":{"line":85,"type":"switch","locations":[{"start":{"line":90,"column":4},"end":{"line":105,"column":14}},{"start":{"line":111,"column":4},"end":{"line":193,"column":14},"skip":true}]},"9":{"line":91,"type":"binary-expr","locations":[{"start":{"line":91,"column":42},"end":{"line":91,"column":73}},{"start":{"line":91,"column":77},"end":{"line":99,"column":9}}]},"10":{"line":102,"type":"binary-expr","locations":[{"start":{"line":102,"column":18},"end":{"line":102,"column":32}},{"start":{"line":103,"column":12},"end":{"line":103,"column":53}},{"start":{"line":104,"column":12},"end":{"line":104,"column":61}}]},"11":{"line":112,"type":"binary-expr","locations":[{"start":{"line":112,"column":45},"end":{"line":112,"column":79},"skip":true},{"start":{"line":112,"column":83},"end":{"line":121,"column":9},"skip":true}]},"12":{"line":123,"type":"binary-expr","locations":[{"start":{"line":123,"column":42},"end":{"line":123,"column":73},"skip":true},{"start":{"line":123,"column":77},"end":{"line":136,"column":9},"skip":true}]},"13":{"line":138,"type":"binary-expr","locations":[{"start":{"line":138,"column":48},"end":{"line":138,"column":85},"skip":true},{"start":{"line":139,"column":12},"end":{"line":145,"column":13},"skip":true}]},"14":{"line":147,"type":"binary-expr","locations":[{"start":{"line":147,"column":42},"end":{"line":147,"column":73},"skip":true},{"start":{"line":147,"column":77},"end":{"line":156,"column":9},"skip":true}]},"15":{"line":158,"type":"binary-expr","locations":[{"start":{"line":158,"column":45},"end":{"line":158,"column":79},"skip":true},{"start":{"line":158,"column":83},"end":{"line":167,"column":9},"skip":true}]},"16":{"line":169,"type":"binary-expr","locations":[{"start":{"line":169,"column":43},"end":{"line":169,"column":75},"skip":true},{"start":{"line":169,"column":79},"end":{"line":178,"column":9},"skip":true}]},"17":{"line":180,"type":"binary-expr","locations":[{"start":{"line":180,"column":41},"end":{"line":180,"column":71},"skip":true},{"start":{"line":180,"column":75},"end":{"line":189,"column":9},"skip":true}]}},"code":["/* istanbul instrument in package npmtest_bottleneck */","/*jslint","    bitwise: true,","    browser: true,","    maxerr: 8,","    maxlen: 96,","    node: true,","    nomen: true,","    regexp: true,","    stupid: true","*/","(function () {","    'use strict';","    var local;","","","","    // run shared js-env code - pre-init","    (function () {","        // init local","        local = {};","        // init modeJs","        local.modeJs = (function () {","            try {","                return typeof navigator.userAgent === 'string' &&","                    typeof document.querySelector('body') === 'object' &&","                    typeof XMLHttpRequest.prototype.open === 'function' &&","                    'browser';","            } catch (errorCaughtBrowser) {","                return module.exports &&","                    typeof process.versions.node === 'string' &&","                    typeof require('http').createServer === 'function' &&","                    'node';","            }","        }());","        // init global","        local.global = local.modeJs === 'browser'","            ? window","            : global;","        switch (local.modeJs) {","        // re-init local from window.local","        case 'browser':","            local = local.global.utility2.objectSetDefault(","                local.global.utility2_rollup || local.global.local,","                local.global.utility2","            );","            break;","        // re-init local from example.js","        case 'node':","            local = (local.global.utility2_rollup || require('utility2'))","                .requireExampleJsFromReadme();","            break;","        }","        // export local","        local.global.local = local;","    }());","","","","    // run shared js-env code - function","    (function () {","        return;","    }());","    switch (local.modeJs) {","","","","    // run browser js-env code - function","    case 'browser':","        break;","","","","    // run node js-env code - function","    case 'node':","        break;","    }","","","","    // run shared js-env code - post-init","    (function () {","        return;","    }());","    switch (local.modeJs) {","","","","    // run browser js-env code - post-init","    case 'browser':","        local.testCase_browser_nullCase = local.testCase_browser_nullCase || function (","            options,","            onError","        ) {","        /*","         * this function will test browsers's null-case handling-behavior-behavior","         */","            onError(null, options);","        };","","        // run tests","        local.nop(local.modeTest &&","            document.querySelector('#testRunButton1') &&","            document.querySelector('#testRunButton1').click());","        break;","","","","    // run node js-env code - post-init","    /* istanbul ignore next */","    case 'node':","        local.testCase_buildApidoc_default = local.testCase_buildApidoc_default || function (","            options,","            onError","        ) {","        /*","         * this function will test buildApidoc's default handling-behavior-behavior","         */","            options = { modulePathList: module.paths };","            local.buildApidoc(options, onError);","        };","","        local.testCase_buildApp_default = local.testCase_buildApp_default || function (","            options,","            onError","        ) {","        /*","         * this function will test buildApp's default handling-behavior-behavior","         */","            local.testCase_buildReadme_default(options, local.onErrorThrow);","            local.testCase_buildLib_default(options, local.onErrorThrow);","            local.testCase_buildTest_default(options, local.onErrorThrow);","            local.testCase_buildCustomOrg_default(options, local.onErrorThrow);","            options = [];","            local.buildApp(options, onError);","        };","","        local.testCase_buildCustomOrg_default = local.testCase_buildCustomOrg_default ||","            function (options, onError) {","            /*","             * this function will test buildCustomOrg's default handling-behavior","             */","                options = {};","                local.buildCustomOrg(options, onError);","            };","","        local.testCase_buildLib_default = local.testCase_buildLib_default || function (","            options,","            onError","        ) {","        /*","         * this function will test buildLib's default handling-behavior","         */","            options = {};","            local.buildLib(options, onError);","        };","","        local.testCase_buildReadme_default = local.testCase_buildReadme_default || function (","            options,","            onError","        ) {","        /*","         * this function will test buildReadme's default handling-behavior-behavior","         */","            options = {};","            local.buildReadme(options, onError);","        };","","        local.testCase_buildTest_default = local.testCase_buildTest_default || function (","            options,","            onError","        ) {","        /*","         * this function will test buildTest's default handling-behavior","         */","            options = {};","            local.buildTest(options, onError);","        };","","        local.testCase_webpage_default = local.testCase_webpage_default || function (","            options,","            onError","        ) {","        /*","         * this function will test webpage's default handling-behavior","         */","            options = { modeCoverageMerge: true, url: local.serverLocalHost + '?modeTest=1' };","            local.browserTest(options, onError);","        };","","        // run test-server","        local.testRunServer(local);","        break;","    }","}());",""],"l":{"12":2,"14":2,"19":2,"21":2,"23":2,"24":2,"25":2,"30":1,"37":2,"40":2,"43":1,"47":1,"50":1,"52":1,"55":2,"61":2,"62":2,"64":2,"70":1,"76":1,"82":2,"83":2,"85":2,"91":1,"98":1,"102":1,"105":1,"112":1,"119":1,"120":1,"123":1,"130":1,"131":1,"132":1,"133":1,"134":1,"135":1,"138":1,"143":2,"144":2,"147":1,"154":2,"155":2,"158":1,"165":2,"166":2,"169":1,"176":2,"177":2,"180":1,"187":1,"188":1,"192":1,"193":1}},"/home/travis/build/npmtest/node-npmtest-bottleneck/lib.npmtest_bottleneck.js":{"path":"/home/travis/build/npmtest/node-npmtest-bottleneck/lib.npmtest_bottleneck.js","s":{"1":2,"2":2,"3":2,"4":2,"5":2,"6":2,"7":2,"8":1,"9":2,"10":2,"11":2,"12":2,"13":1,"14":1,"15":1,"16":1},"b":{"1":[2,1,1,1],"2":[1,1,1,1],"3":[1,1],"4":[2,2],"5":[1,1]},"f":{"1":2,"2":2,"3":2},"fnMap":{"1":{"name":"(anonymous_1)","line":12,"loc":{"start":{"line":12,"column":1},"end":{"line":12,"column":13}}},"2":{"name":"(anonymous_2)","line":19,"loc":{"start":{"line":19,"column":5},"end":{"line":19,"column":17}}},"3":{"name":"(anonymous_3)","line":23,"loc":{"start":{"line":23,"column":24},"end":{"line":23,"column":36}}}},"statementMap":{"1":{"start":{"line":12,"column":0},"end":{"line":53,"column":5}},"2":{"start":{"line":14,"column":4},"end":{"line":14,"column":14}},"3":{"start":{"line":19,"column":4},"end":{"line":52,"column":9}},"4":{"start":{"line":21,"column":8},"end":{"line":21,"column":19}},"5":{"start":{"line":23,"column":8},"end":{"line":35,"column":13}},"6":{"start":{"line":24,"column":12},"end":{"line":34,"column":13}},"7":{"start":{"line":25,"column":16},"end":{"line":28,"column":30}},"8":{"start":{"line":30,"column":16},"end":{"line":33,"column":27}},"9":{"start":{"line":37,"column":8},"end":{"line":39,"column":21}},"10":{"start":{"line":41,"column":8},"end":{"line":41,"column":54}},"11":{"start":{"line":43,"column":8},"end":{"line":43,"column":55}},"12":{"start":{"line":45,"column":8},"end":{"line":51,"column":9}},"13":{"start":{"line":46,"column":12},"end":{"line":46,"column":61}},"14":{"start":{"line":48,"column":12},"end":{"line":48,"column":35}},"15":{"start":{"line":49,"column":12},"end":{"line":49,"column":49}},"16":{"start":{"line":50,"column":12},"end":{"line":50,"column":43}}},"branchMap":{"1":{"line":25,"type":"binary-expr","locations":[{"start":{"line":25,"column":23},"end":{"line":25,"column":62}},{"start":{"line":26,"column":20},"end":{"line":26,"column":70}},{"start":{"line":27,"column":20},"end":{"line":27,"column":71}},{"start":{"line":28,"column":20},"end":{"line":28,"column":29}}]},"2":{"line":30,"type":"binary-expr","locations":[{"start":{"line":30,"column":23},"end":{"line":30,"column":37}},{"start":{"line":31,"column":20},"end":{"line":31,"column":61}},{"start":{"line":32,"column":20},"end":{"line":32,"column":70}},{"start":{"line":33,"column":20},"end":{"line":33,"column":26}}]},"3":{"line":37,"type":"cond-expr","locations":[{"start":{"line":38,"column":14},"end":{"line":38,"column":20}},{"start":{"line":39,"column":14},"end":{"line":39,"column":20}}]},"4":{"line":41,"type":"binary-expr","locations":[{"start":{"line":41,"column":16},"end":{"line":41,"column":44}},{"start":{"line":41,"column":48},"end":{"line":41,"column":53}}]},"5":{"line":45,"type":"if","locations":[{"start":{"line":45,"column":8},"end":{"line":45,"column":8}},{"start":{"line":45,"column":8},"end":{"line":45,"column":8}}]}},"code":["/* istanbul instrument in package npmtest_bottleneck */","/*jslint","    bitwise: true,","    browser: true,","    maxerr: 8,","    maxlen: 96,","    node: true,","    nomen: true,","    regexp: true,","    stupid: true","*/","(function () {","    'use strict';","    var local;","","","","    // run shared js-env code - pre-init","    (function () {","        // init local","        local = {};","        // init modeJs","        local.modeJs = (function () {","            try {","                return typeof navigator.userAgent === 'string' &&","                    typeof document.querySelector('body') === 'object' &&","                    typeof XMLHttpRequest.prototype.open === 'function' &&","                    'browser';","            } catch (errorCaughtBrowser) {","                return module.exports &&","                    typeof process.versions.node === 'string' &&","                    typeof require('http').createServer === 'function' &&","                    'node';","            }","        }());","        // init global","        local.global = local.modeJs === 'browser'","            ? window","            : global;","        // init utility2_rollup","        local = local.global.utility2_rollup || local;","        // init lib","        local.local = local.npmtest_bottleneck = local;","        // init exports","        if (local.modeJs === 'browser') {","            local.global.utility2_npmtest_bottleneck = local;","        } else {","            module.exports = local;","            module.exports.__dirname = __dirname;","            module.exports.module = module;","        }","    }());","}());",""],"l":{"12":2,"14":2,"19":2,"21":2,"23":2,"24":2,"25":2,"30":1,"37":2,"41":2,"43":2,"45":2,"46":1,"48":1,"49":1,"50":1}},"/home/travis/build/npmtest/node-npmtest-bottleneck/example.js":{"path":"/home/travis/build/npmtest/node-npmtest-bottleneck/example.js","s":{"1":2,"2":2,"3":2,"4":2,"5":2,"6":2,"7":2,"8":1,"9":2,"10":2,"11":2,"12":2,"13":1,"14":2,"15":2,"16":2,"17":2,"18":2,"19":0,"20":2,"21":1,"22":1,"23":1,"24":1,"25":1,"26":0,"27":0,"28":1,"29":1,"30":2,"31":0,"32":0,"33":0,"34":1,"35":2,"36":2,"37":3,"38":3,"39":3,"40":3,"41":0,"42":3,"43":3,"44":3,"45":1,"46":3,"47":1,"48":1,"49":1,"50":1,"51":1,"52":1,"53":1,"54":1,"55":1,"56":1,"57":0,"58":1,"59":6,"60":6,"61":1,"62":2,"63":0,"64":2,"65":1,"66":1,"67":0,"68":0,"69":0,"70":0,"71":0,"72":0,"73":0,"74":0,"75":0,"76":0,"77":0,"78":0,"79":0,"80":0,"81":0,"82":0,"83":0},"b":{"1":[2,1,1,1],"2":[1,1,1,1],"3":[1,1],"4":[2,2],"5":[1,1],"6":[1,1],"7":[2,0],"8":[2,1,1,1,1,1],"9":[0,2,0],"10":[1,1],"11":[2,1,1],"12":[1,0],"13":[0,2],"14":[2,0,0,0,0,0,0],"15":[0,3],"16":[3,0],"17":[1,1],"18":[0,1],"19":[1,2,0,2],"20":[1,0],"21":[1,1],"22":[0,0],"23":[0,0],"24":[0,0],"25":[0,0],"26":[0,0],"27":[0,0],"28":[0,0]},"f":{"1":2,"2":2,"3":2,"4":2,"5":2,"6":2,"7":3,"8":3,"9":3,"10":1,"11":6,"12":0},"fnMap":{"1":{"name":"(anonymous_1)","line":26,"loc":{"start":{"line":26,"column":1},"end":{"line":26,"column":13}}},"2":{"name":"(anonymous_2)","line":33,"loc":{"start":{"line":33,"column":5},"end":{"line":33,"column":17}}},"3":{"name":"(anonymous_3)","line":37,"loc":{"start":{"line":37,"column":24},"end":{"line":37,"column":36}}},"4":{"name":"(anonymous_4)","line":69,"loc":{"start":{"line":69,"column":31},"end":{"line":69,"column":48}},"skip":true},"5":{"name":"(anonymous_5)","line":78,"loc":{"start":{"line":78,"column":26},"end":{"line":78,"column":45}},"skip":true},"6":{"name":"(anonymous_6)","line":123,"loc":{"start":{"line":123,"column":33},"end":{"line":123,"column":48}},"skip":true},"7":{"name":"(anonymous_7)","line":125,"loc":{"start":{"line":125,"column":27},"end":{"line":125,"column":39}},"skip":true},"8":{"name":"(anonymous_8)","line":133,"loc":{"start":{"line":133,"column":59},"end":{"line":133,"column":74}},"skip":true},"9":{"name":"(anonymous_9)","line":143,"loc":{"start":{"line":143,"column":45},"end":{"line":143,"column":62}},"skip":true},"10":{"name":"(anonymous_10)","line":144,"loc":{"start":{"line":144,"column":73},"end":{"line":144,"column":92}},"skip":true},"11":{"name":"(anonymous_11)","line":272,"loc":{"start":{"line":272,"column":51},"end":{"line":272,"column":77}},"skip":true},"12":{"name":"(anonymous_12)","line":315,"loc":{"start":{"line":315,"column":32},"end":{"line":315,"column":61}},"skip":true}},"statementMap":{"1":{"start":{"line":26,"column":0},"end":{"line":326,"column":5}},"2":{"start":{"line":28,"column":4},"end":{"line":28,"column":14}},"3":{"start":{"line":33,"column":4},"end":{"line":60,"column":9}},"4":{"start":{"line":35,"column":8},"end":{"line":35,"column":19}},"5":{"start":{"line":37,"column":8},"end":{"line":49,"column":13}},"6":{"start":{"line":38,"column":12},"end":{"line":48,"column":13}},"7":{"start":{"line":39,"column":16},"end":{"line":42,"column":30}},"8":{"start":{"line":44,"column":16},"end":{"line":47,"column":27}},"9":{"start":{"line":51,"column":8},"end":{"line":53,"column":21}},"10":{"start":{"line":55,"column":8},"end":{"line":57,"column":45}},"11":{"start":{"line":59,"column":8},"end":{"line":59,"column":35}},"12":{"start":{"line":61,"column":4},"end":{"line":325,"column":5}},"13":{"start":{"line":69,"column":8},"end":{"line":121,"column":10},"skip":true},"14":{"start":{"line":70,"column":12},"end":{"line":88,"column":13},"skip":true},"15":{"start":{"line":76,"column":16},"end":{"line":87,"column":19},"skip":true},"16":{"start":{"line":79,"column":20},"end":{"line":86,"column":21},"skip":true},"17":{"start":{"line":82,"column":24},"end":{"line":82,"column":43},"skip":true},"18":{"start":{"line":83,"column":24},"end":{"line":83,"column":30},"skip":true},"19":{"start":{"line":85,"column":24},"end":{"line":85,"column":49},"skip":true},"20":{"start":{"line":89,"column":12},"end":{"line":107,"column":13},"skip":true},"21":{"start":{"line":92,"column":16},"end":{"line":102,"column":17},"skip":true},"22":{"start":{"line":93,"column":20},"end":{"line":93,"column":86},"skip":true},"23":{"start":{"line":94,"column":20},"end":{"line":95,"column":45},"skip":true},"24":{"start":{"line":96,"column":20},"end":{"line":96,"column":42},"skip":true},"25":{"start":{"line":97,"column":20},"end":{"line":97,"column":48},"skip":true},"26":{"start":{"line":100,"column":20},"end":{"line":100,"column":85},"skip":true},"27":{"start":{"line":101,"column":20},"end":{"line":101,"column":96},"skip":true},"28":{"start":{"line":103,"column":16},"end":{"line":103,"column":22},"skip":true},"29":{"start":{"line":106,"column":16},"end":{"line":106,"column":22},"skip":true},"30":{"start":{"line":108,"column":12},"end":{"line":120,"column":13},"skip":true},"31":{"start":{"line":114,"column":16},"end":{"line":119,"column":17},"skip":true},"32":{"start":{"line":116,"column":20},"end":{"line":116,"column":78},"skip":true},"33":{"start":{"line":118,"column":20},"end":{"line":118,"column":47},"skip":true},"34":{"start":{"line":123,"column":8},"end":{"line":141,"column":11},"skip":true},"35":{"start":{"line":124,"column":12},"end":{"line":124,"column":54},"skip":true},"36":{"start":{"line":125,"column":12},"end":{"line":140,"column":14},"skip":true},"37":{"start":{"line":126,"column":16},"end":{"line":126,"column":28},"skip":true},"38":{"start":{"line":127,"column":16},"end":{"line":127,"column":69},"skip":true},"39":{"start":{"line":128,"column":16},"end":{"line":128,"column":75},"skip":true},"40":{"start":{"line":129,"column":16},"end":{"line":131,"column":17},"skip":true},"41":{"start":{"line":130,"column":20},"end":{"line":130,"column":27},"skip":true},"42":{"start":{"line":133,"column":16},"end":{"line":137,"column":36},"skip":true},"43":{"start":{"line":134,"column":20},"end":{"line":136,"column":55},"skip":true},"44":{"start":{"line":139,"column":16},"end":{"line":139,"column":57},"skip":true},"45":{"start":{"line":143,"column":8},"end":{"line":147,"column":11},"skip":true},"46":{"start":{"line":144,"column":12},"end":{"line":146,"column":15},"skip":true},"47":{"start":{"line":145,"column":16},"end":{"line":145,"column":70},"skip":true},"48":{"start":{"line":149,"column":8},"end":{"line":149,"column":31},"skip":true},"49":{"start":{"line":150,"column":8},"end":{"line":150,"column":14},"skip":true},"50":{"start":{"line":158,"column":8},"end":{"line":158,"column":31},"skip":true},"51":{"start":{"line":160,"column":8},"end":{"line":160,"column":33},"skip":true},"52":{"start":{"line":161,"column":8},"end":{"line":161,"column":37},"skip":true},"53":{"start":{"line":162,"column":8},"end":{"line":162,"column":35},"skip":true},"54":{"start":{"line":164,"column":8},"end":{"line":164,"column":50},"skip":true},"55":{"start":{"line":166,"column":8},"end":{"line":256,"column":2},"skip":true},"56":{"start":{"line":258,"column":8},"end":{"line":286,"column":9},"skip":true},"57":{"start":{"line":259,"column":12},"end":{"line":269,"column":14},"skip":true},"58":{"start":{"line":271,"column":12},"end":{"line":285,"column":19},"skip":true},"59":{"start":{"line":274,"column":20},"end":{"line":274,"column":35},"skip":true},"60":{"start":{"line":275,"column":20},"end":{"line":284,"column":21},"skip":true},"61":{"start":{"line":277,"column":24},"end":{"line":277,"column":64},"skip":true},"62":{"start":{"line":279,"column":24},"end":{"line":279,"column":40},"skip":true},"63":{"start":{"line":281,"column":24},"end":{"line":281,"column":40},"skip":true},"64":{"start":{"line":283,"column":24},"end":{"line":283,"column":39},"skip":true},"65":{"start":{"line":288,"column":8},"end":{"line":290,"column":9},"skip":true},"66":{"start":{"line":289,"column":12},"end":{"line":289,"column":18},"skip":true},"67":{"start":{"line":291,"column":8},"end":{"line":293,"column":54},"skip":true},"68":{"start":{"line":296,"column":8},"end":{"line":301,"column":37},"skip":true},"69":{"start":{"line":303,"column":8},"end":{"line":303,"column":82},"skip":true},"70":{"start":{"line":306,"column":8},"end":{"line":308,"column":9},"skip":true},"71":{"start":{"line":307,"column":12},"end":{"line":307,"column":82},"skip":true},"72":{"start":{"line":310,"column":8},"end":{"line":312,"column":9},"skip":true},"73":{"start":{"line":311,"column":12},"end":{"line":311,"column":18},"skip":true},"74":{"start":{"line":313,"column":8},"end":{"line":313,"column":54},"skip":true},"75":{"start":{"line":314,"column":8},"end":{"line":314,"column":69},"skip":true},"76":{"start":{"line":315,"column":8},"end":{"line":323,"column":36},"skip":true},"77":{"start":{"line":316,"column":12},"end":{"line":316,"column":61},"skip":true},"78":{"start":{"line":317,"column":12},"end":{"line":320,"column":13},"skip":true},"79":{"start":{"line":318,"column":16},"end":{"line":318,"column":75},"skip":true},"80":{"start":{"line":319,"column":16},"end":{"line":319,"column":23},"skip":true},"81":{"start":{"line":321,"column":12},"end":{"line":321,"column":38},"skip":true},"82":{"start":{"line":322,"column":12},"end":{"line":322,"column":27},"skip":true},"83":{"start":{"line":324,"column":8},"end":{"line":324,"column":14},"skip":true}},"branchMap":{"1":{"line":39,"type":"binary-expr","locations":[{"start":{"line":39,"column":23},"end":{"line":39,"column":62}},{"start":{"line":40,"column":20},"end":{"line":40,"column":70}},{"start":{"line":41,"column":20},"end":{"line":41,"column":71}},{"start":{"line":42,"column":20},"end":{"line":42,"column":29}}]},"2":{"line":44,"type":"binary-expr","locations":[{"start":{"line":44,"column":23},"end":{"line":44,"column":37}},{"start":{"line":45,"column":20},"end":{"line":45,"column":61}},{"start":{"line":46,"column":20},"end":{"line":46,"column":70}},{"start":{"line":47,"column":20},"end":{"line":47,"column":26}}]},"3":{"line":51,"type":"cond-expr","locations":[{"start":{"line":52,"column":14},"end":{"line":52,"column":20}},{"start":{"line":53,"column":14},"end":{"line":53,"column":20}}]},"4":{"line":55,"type":"binary-expr","locations":[{"start":{"line":55,"column":16},"end":{"line":55,"column":44}},{"start":{"line":55,"column":49},"end":{"line":57,"column":43}}]},"5":{"line":55,"type":"cond-expr","locations":[{"start":{"line":56,"column":14},"end":{"line":56,"column":54}},{"start":{"line":57,"column":14},"end":{"line":57,"column":43}}]},"6":{"line":61,"type":"switch","locations":[{"start":{"line":68,"column":4},"end":{"line":150,"column":14},"skip":true},{"start":{"line":156,"column":4},"end":{"line":324,"column":14},"skip":true}]},"7":{"line":70,"type":"if","locations":[{"start":{"line":70,"column":12},"end":{"line":70,"column":12},"skip":true},{"start":{"line":70,"column":12},"end":{"line":70,"column":12},"skip":true}]},"8":{"line":70,"type":"binary-expr","locations":[{"start":{"line":70,"column":16},"end":{"line":70,"column":22},"skip":true},{"start":{"line":70,"column":27},"end":{"line":70,"column":32},"skip":true},{"start":{"line":71,"column":20},"end":{"line":71,"column":39},"skip":true},{"start":{"line":72,"column":20},"end":{"line":72,"column":49},"skip":true},{"start":{"line":73,"column":20},"end":{"line":73,"column":58},"skip":true},{"start":{"line":74,"column":20},"end":{"line":74,"column":69},"skip":true}]},"9":{"line":79,"type":"switch","locations":[{"start":{"line":80,"column":20},"end":{"line":80,"column":33},"skip":true},{"start":{"line":81,"column":20},"end":{"line":83,"column":30},"skip":true},{"start":{"line":84,"column":20},"end":{"line":85,"column":49},"skip":true}]},"10":{"line":89,"type":"switch","locations":[{"start":{"line":90,"column":12},"end":{"line":103,"column":22},"skip":true},{"start":{"line":105,"column":12},"end":{"line":106,"column":22},"skip":true}]},"11":{"line":89,"type":"binary-expr","locations":[{"start":{"line":89,"column":20},"end":{"line":89,"column":25},"skip":true},{"start":{"line":89,"column":29},"end":{"line":89,"column":48},"skip":true},{"start":{"line":89,"column":52},"end":{"line":89,"column":74},"skip":true}]},"12":{"line":92,"type":"if","locations":[{"start":{"line":92,"column":16},"end":{"line":92,"column":16},"skip":true},{"start":{"line":92,"column":16},"end":{"line":92,"column":16},"skip":true}]},"13":{"line":108,"type":"if","locations":[{"start":{"line":108,"column":12},"end":{"line":108,"column":12},"skip":true},{"start":{"line":108,"column":12},"end":{"line":108,"column":12},"skip":true}]},"14":{"line":108,"type":"binary-expr","locations":[{"start":{"line":108,"column":16},"end":{"line":108,"column":61},"skip":true},{"start":{"line":108,"column":66},"end":{"line":108,"column":72},"skip":true},{"start":{"line":108,"column":77},"end":{"line":108,"column":82},"skip":true},{"start":{"line":109,"column":20},"end":{"line":109,"column":39},"skip":true},{"start":{"line":110,"column":20},"end":{"line":110,"column":49},"skip":true},{"start":{"line":111,"column":20},"end":{"line":111,"column":58},"skip":true},{"start":{"line":112,"column":20},"end":{"line":112,"column":68},"skip":true}]},"15":{"line":129,"type":"if","locations":[{"start":{"line":129,"column":16},"end":{"line":129,"column":16},"skip":true},{"start":{"line":129,"column":16},"end":{"line":129,"column":16},"skip":true}]},"16":{"line":134,"type":"cond-expr","locations":[{"start":{"line":135,"column":26},"end":{"line":135,"column":29},"skip":true},{"start":{"line":136,"column":26},"end":{"line":136,"column":54},"skip":true}]},"17":{"line":164,"type":"binary-expr","locations":[{"start":{"line":164,"column":27},"end":{"line":164,"column":43},"skip":true},{"start":{"line":164,"column":47},"end":{"line":164,"column":49},"skip":true}]},"18":{"line":258,"type":"if","locations":[{"start":{"line":258,"column":8},"end":{"line":258,"column":8},"skip":true},{"start":{"line":258,"column":8},"end":{"line":258,"column":8},"skip":true}]},"19":{"line":275,"type":"switch","locations":[{"start":{"line":276,"column":20},"end":{"line":277,"column":64},"skip":true},{"start":{"line":278,"column":20},"end":{"line":279,"column":40},"skip":true},{"start":{"line":280,"column":20},"end":{"line":281,"column":40},"skip":true},{"start":{"line":282,"column":20},"end":{"line":283,"column":39},"skip":true}]},"20":{"line":288,"type":"if","locations":[{"start":{"line":288,"column":8},"end":{"line":288,"column":8},"skip":true},{"start":{"line":288,"column":8},"end":{"line":288,"column":8},"skip":true}]},"21":{"line":288,"type":"binary-expr","locations":[{"start":{"line":288,"column":12},"end":{"line":288,"column":40},"skip":true},{"start":{"line":288,"column":44},"end":{"line":288,"column":67},"skip":true}]},"22":{"line":292,"type":"binary-expr","locations":[{"start":{"line":292,"column":12},"end":{"line":292,"column":50},"skip":true},{"start":{"line":293,"column":12},"end":{"line":293,"column":53},"skip":true}]},"23":{"line":297,"type":"binary-expr","locations":[{"start":{"line":297,"column":12},"end":{"line":297,"column":68},"skip":true},{"start":{"line":298,"column":12},"end":{"line":301,"column":36},"skip":true}]},"24":{"line":303,"type":"binary-expr","locations":[{"start":{"line":303,"column":43},"end":{"line":303,"column":75},"skip":true},{"start":{"line":303,"column":79},"end":{"line":303,"column":81},"skip":true}]},"25":{"line":306,"type":"if","locations":[{"start":{"line":306,"column":8},"end":{"line":306,"column":8},"skip":true},{"start":{"line":306,"column":8},"end":{"line":306,"column":8},"skip":true}]},"26":{"line":310,"type":"if","locations":[{"start":{"line":310,"column":8},"end":{"line":310,"column":8},"skip":true},{"start":{"line":310,"column":8},"end":{"line":310,"column":8},"skip":true}]},"27":{"line":313,"type":"binary-expr","locations":[{"start":{"line":313,"column":27},"end":{"line":313,"column":43},"skip":true},{"start":{"line":313,"column":47},"end":{"line":313,"column":53},"skip":true}]},"28":{"line":317,"type":"if","locations":[{"start":{"line":317,"column":12},"end":{"line":317,"column":12},"skip":true},{"start":{"line":317,"column":12},"end":{"line":317,"column":12},"skip":true}]}},"code":["/*","example.js","","quickstart example","","instruction","    1. save this script as example.js","    2. run the shell command:","        $ npm install npmtest-bottleneck && PORT=8081 node example.js","    3. play with the browser-demo on http://127.0.0.1:8081","*/","","","","/* istanbul instrument in package npmtest_bottleneck */","/*jslint","    bitwise: true,","    browser: true,","    maxerr: 8,","    maxlen: 96,","    node: true,","    nomen: true,","    regexp: true,","    stupid: true","*/","(function () {","    'use strict';","    var local;","","","","    // run shared js-env code - pre-init","    (function () {","        // init local","        local = {};","        // init modeJs","        local.modeJs = (function () {","            try {","                return typeof navigator.userAgent === 'string' &&","                    typeof document.querySelector('body') === 'object' &&","                    typeof XMLHttpRequest.prototype.open === 'function' &&","                    'browser';","            } catch (errorCaughtBrowser) {","                return module.exports &&","                    typeof process.versions.node === 'string' &&","                    typeof require('http').createServer === 'function' &&","                    'node';","            }","        }());","        // init global","        local.global = local.modeJs === 'browser'","            ? window","            : global;","        // init utility2_rollup","        local = local.global.utility2_rollup || (local.modeJs === 'browser'","            ? local.global.utility2_npmtest_bottleneck","            : global.utility2_moduleExports);","        // export local","        local.global.local = local;","    }());","    switch (local.modeJs) {","","","","    // post-init","    // run browser js-env code - post-init","    /* istanbul ignore next */","    case 'browser':","        local.testRunBrowser = function (event) {","            if (!event || (event &&","                    event.currentTarget &&","                    event.currentTarget.className &&","                    event.currentTarget.className.includes &&","                    event.currentTarget.className.includes('onreset'))) {","                // reset output","                Array.from(","                    document.querySelectorAll('body > .resettable')","                ).forEach(function (element) {","                    switch (element.tagName) {","                    case 'INPUT':","                    case 'TEXTAREA':","                        element.value = '';","                        break;","                    default:","                        element.textContent = '';","                    }","                });","            }","            switch (event && event.currentTarget && event.currentTarget.id) {","            case 'testRunButton1':","                // show tests","                if (document.querySelector('#testReportDiv1').style.display === 'none') {","                    document.querySelector('#testReportDiv1').style.display = 'block';","                    document.querySelector('#testRunButton1').textContent =","                        'hide internal test';","                    local.modeTest = true;","                    local.testRunDefault(local);","                // hide tests","                } else {","                    document.querySelector('#testReportDiv1').style.display = 'none';","                    document.querySelector('#testRunButton1').textContent = 'run internal test';","                }","                break;","            // custom-case","            default:","                break;","            }","            if (document.querySelector('#inputTextareaEval1') && (!event || (event &&","                    event.currentTarget &&","                    event.currentTarget.className &&","                    event.currentTarget.className.includes &&","                    event.currentTarget.className.includes('oneval')))) {","                // try to eval input-code","                try {","                    /*jslint evil: true*/","                    eval(document.querySelector('#inputTextareaEval1').value);","                } catch (errorCaught) {","                    console.error(errorCaught);","                }","            }","        };","        // log stderr and stdout to #outputTextareaStdout1","        ['error', 'log'].forEach(function (key) {","            console[key + '_original'] = console[key];","            console[key] = function () {","                var element;","                console[key + '_original'].apply(console, arguments);","                element = document.querySelector('#outputTextareaStdout1');","                if (!element) {","                    return;","                }","                // append text to #outputTextareaStdout1","                element.value += Array.from(arguments).map(function (arg) {","                    return typeof arg === 'string'","                        ? arg","                        : JSON.stringify(arg, null, 4);","                }).join(' ') + '\\n';","                // scroll textarea to bottom","                element.scrollTop = element.scrollHeight;","            };","        });","        // init event-handling","        ['change', 'click', 'keyup'].forEach(function (event) {","            Array.from(document.querySelectorAll('.on' + event)).forEach(function (element) {","                element.addEventListener(event, local.testRunBrowser);","            });","        });","        // run tests","        local.testRunBrowser();","        break;","","","","    // run node js-env code - post-init","    /* istanbul ignore next */","    case 'node':","        // export local","        module.exports = local;","        // require modules","        local.fs = require('fs');","        local.http = require('http');","        local.url = require('url');","        // init assets","        local.assetsDict = local.assetsDict || {};","        /* jslint-ignore-begin */","        local.assetsDict['/assets.index.template.html'] = '\\","<!doctype html>\\n\\","<html lang=\"en\">\\n\\","<head>\\n\\","<meta charset=\"UTF-8\">\\n\\","<meta name=\"viewport\" content=\"width=device-width, initial-scale=1\">\\n\\","<title>{{env.npm_package_name}} (v{{env.npm_package_version}})</title>\\n\\","<style>\\n\\","/*csslint\\n\\","    box-sizing: false,\\n\\","    universal-selector: false\\n\\","*/\\n\\","* {\\n\\","    box-sizing: border-box;\\n\\","}\\n\\","body {\\n\\","    background: #dde;\\n\\","    font-family: Arial, Helvetica, sans-serif;\\n\\","    margin: 2rem;\\n\\","}\\n\\","body > * {\\n\\","    margin-bottom: 1rem;\\n\\","}\\n\\",".utility2FooterDiv {\\n\\","    margin-top: 20px;\\n\\","    text-align: center;\\n\\","}\\n\\","</style>\\n\\","<style>\\n\\","/*csslint\\n\\","*/\\n\\","textarea {\\n\\","    font-family: monospace;\\n\\","    height: 10rem;\\n\\","    width: 100%;\\n\\","}\\n\\","textarea[readonly] {\\n\\","    background: #ddd;\\n\\","}\\n\\","</style>\\n\\","</head>\\n\\","<body>\\n\\","<!-- utility2-comment\\n\\","<div id=\"ajaxProgressDiv1\" style=\"background: #d00; height: 2px; left: 0; margin: 0; padding: 0; position: fixed; top: 0; transition: background 0.5s, width 1.5s; width: 25%;\"></div>\\n\\","utility2-comment -->\\n\\","<h1>\\n\\","<!-- utility2-comment\\n\\","    <a\\n\\","        {{#if env.npm_package_homepage}}\\n\\","        href=\"{{env.npm_package_homepage}}\"\\n\\","        {{/if env.npm_package_homepage}}\\n\\","        target=\"_blank\"\\n\\","    >\\n\\","utility2-comment -->\\n\\","        {{env.npm_package_name}} (v{{env.npm_package_version}})\\n\\","<!-- utility2-comment\\n\\","    </a>\\n\\","utility2-comment -->\\n\\","</h1>\\n\\","<h3>{{env.npm_package_description}}</h3>\\n\\","<!-- utility2-comment\\n\\","<h4><a download href=\"assets.app.js\">download standalone app</a></h4>\\n\\","<button class=\"onclick onreset\" id=\"testRunButton1\">run internal test</button><br>\\n\\","<div id=\"testReportDiv1\" style=\"display: none;\"></div>\\n\\","utility2-comment -->\\n\\","\\n\\","\\n\\","\\n\\","<label>stderr and stdout</label>\\n\\","<textarea class=\"resettable\" id=\"outputTextareaStdout1\" readonly></textarea>\\n\\","<!-- utility2-comment\\n\\","{{#if isRollup}}\\n\\","<script src=\"assets.app.js\"></script>\\n\\","{{#unless isRollup}}\\n\\","utility2-comment -->\\n\\","<script src=\"assets.utility2.rollup.js\"></script>\\n\\","<script src=\"jsonp.utility2._stateInit?callback=window.utility2._stateInit\"></script>\\n\\","<script src=\"assets.npmtest_bottleneck.rollup.js\"></script>\\n\\","<script src=\"assets.example.js\"></script>\\n\\","<script src=\"assets.test.js\"></script>\\n\\","<!-- utility2-comment\\n\\","{{/if isRollup}}\\n\\","utility2-comment -->\\n\\","<div class=\"utility2FooterDiv\">\\n\\","    [ this app was created with\\n\\","    <a href=\"https://github.com/kaizhu256/node-utility2\" target=\"_blank\">utility2</a>\\n\\","    ]\\n\\","</div>\\n\\","</body>\\n\\","</html>\\n\\","';","        /* jslint-ignore-end */","        if (local.templateRender) {","            local.assetsDict['/'] = local.templateRender(","                local.assetsDict['/assets.index.template.html'],","                {","                    env: local.objectSetDefault(local.env, {","                        npm_package_description: 'the greatest app in the world!',","                        npm_package_name: 'my-app',","                        npm_package_nameAlias: 'my_app',","                        npm_package_version: '0.0.1'","                    })","                }","            );","        } else {","            local.assetsDict['/'] = local.assetsDict['/assets.index.template.html']","                .replace((/\\{\\{env\\.(\\w+?)\\}\\}/g), function (match0, match1) {","                    // jslint-hack","                    String(match0);","                    switch (match1) {","                    case 'npm_package_description':","                        return 'the greatest app in the world!';","                    case 'npm_package_name':","                        return 'my-app';","                    case 'npm_package_nameAlias':","                        return 'my_app';","                    case 'npm_package_version':","                        return '0.0.1';","                    }","                });","        }","        // run the cli","        if (local.global.utility2_rollup || module !== require.main) {","            break;","        }","        local.assetsDict['/assets.example.js'] =","            local.assetsDict['/assets.example.js'] ||","            local.fs.readFileSync(__filename, 'utf8');","        // bug-workaround - long $npm_package_buildCustomOrg","        /* jslint-ignore-begin */","        local.assetsDict['/assets.npmtest_bottleneck.rollup.js'] =","            local.assetsDict['/assets.npmtest_bottleneck.rollup.js'] ||","            local.fs.readFileSync(","                local.npmtest_bottleneck.__dirname + '/lib.npmtest_bottleneck.js',","                'utf8'","            ).replace((/^#!/), '//');","        /* jslint-ignore-end */","        local.assetsDict['/favicon.ico'] = local.assetsDict['/favicon.ico'] || '';","        // if $npm_config_timeout_exit exists,","        // then exit this process after $npm_config_timeout_exit ms","        if (Number(process.env.npm_config_timeout_exit)) {","            setTimeout(process.exit, Number(process.env.npm_config_timeout_exit));","        }","        // start server","        if (local.global.utility2_serverHttp1) {","            break;","        }","        process.env.PORT = process.env.PORT || '8081';","        console.error('server starting on port ' + process.env.PORT);","        local.http.createServer(function (request, response) {","            request.urlParsed = local.url.parse(request.url);","            if (local.assetsDict[request.urlParsed.pathname] !== undefined) {","                response.end(local.assetsDict[request.urlParsed.pathname]);","                return;","            }","            response.statusCode = 404;","            response.end();","        }).listen(process.env.PORT);","        break;","    }","}());",""],"l":{"26":2,"28":2,"33":2,"35":2,"37":2,"38":2,"39":2,"44":1,"51":2,"55":2,"59":2,"61":2,"69":1,"70":2,"76":2,"79":2,"82":2,"83":2,"85":1,"89":2,"92":1,"93":1,"94":1,"96":1,"97":1,"100":1,"101":1,"103":1,"106":1,"108":2,"114":1,"116":1,"118":1,"123":1,"124":2,"125":2,"126":3,"127":3,"128":3,"129":3,"130":1,"133":3,"134":3,"139":3,"143":1,"144":3,"145":1,"149":1,"150":1,"158":1,"160":1,"161":1,"162":1,"164":1,"166":1,"258":1,"259":1,"271":1,"274":6,"275":6,"277":1,"279":2,"281":1,"283":2,"288":1,"289":1,"291":1,"296":1,"303":1,"306":1,"307":1,"310":1,"311":1,"313":1,"314":1,"315":1,"316":1,"317":1,"318":1,"319":1,"321":1,"322":1,"324":1}},"/home/travis/build/npmtest/node-npmtest-bottleneck/node_modules/bottleneck/lib/index.js":{"path":"/home/travis/build/npmtest/node-npmtest-bottleneck/node_modules/bottleneck/lib/index.js","s":{"1":1,"2":1,"3":1,"4":0},"b":{"1":[0,1]},"f":{"1":1},"fnMap":{"1":{"name":"(anonymous_1)","line":2,"loc":{"start":{"line":2,"column":1},"end":{"line":2,"column":12}}}},"statementMap":{"1":{"start":{"line":2,"column":0},"end":{"line":9,"column":14}},"2":{"start":{"line":3,"column":2},"end":{"line":3,"column":43}},"3":{"start":{"line":5,"column":2},"end":{"line":7,"column":3}},"4":{"start":{"line":6,"column":4},"end":{"line":6,"column":46}}},"branchMap":{"1":{"line":5,"type":"if","locations":[{"start":{"line":5,"column":2},"end":{"line":5,"column":2}},{"start":{"line":5,"column":2},"end":{"line":5,"column":2}}]}},"code":["// Generated by CoffeeScript 1.11.0","(function() {","  module.exports = require(\"./Bottleneck\");","","  if (global.window != null) {","    global.window.Bottleneck = module.exports;","  }","","}).call(this);",""],"l":{"2":1,"3":1,"5":1,"6":0}},"/home/travis/build/npmtest/node-npmtest-bottleneck/node_modules/bottleneck/lib/Bottleneck.js":{"path":"/home/travis/build/npmtest/node-npmtest-bottleneck/node_modules/bottleneck/lib/Bottleneck.js","s":{"1":1,"2":1,"3":0,"4":0,"5":1,"6":1,"7":1,"8":1,"9":1,"10":1,"11":1,"12":1,"13":1,"14":1,"15":1,"16":1,"17":0,"18":1,"19":0,"20":0,"21":0,"22":0,"23":0,"24":0,"25":0,"26":0,"27":0,"28":0,"29":0,"30":0,"31":0,"32":0,"33":0,"34":0,"35":0,"36":0,"37":0,"38":1,"39":0,"40":0,"41":0,"42":0,"43":0,"44":0,"45":0,"46":1,"47":0,"48":0,"49":0,"50":0,"51":0,"52":1,"53":0,"54":0,"55":1,"56":0,"57":1,"58":0,"59":0,"60":0,"61":0,"62":0,"63":0,"64":0,"65":1,"66":0,"67":0,"68":0,"69":0,"70":0,"71":0,"72":1,"73":0,"74":0,"75":0,"76":0,"77":1,"78":0,"79":1,"80":0,"81":0,"82":1,"83":0,"84":1,"85":0,"86":1,"87":0,"88":0,"89":0,"90":0,"91":0,"92":0,"93":0,"94":0,"95":0,"96":0,"97":0,"98":0,"99":0,"100":0,"101":0,"102":0,"103":0,"104":0,"105":0,"106":0,"107":0,"108":0,"109":0,"110":0,"111":0,"112":0,"113":0,"114":0,"115":0,"116":0,"117":0,"118":1,"119":0,"120":0,"121":0,"122":1,"123":0,"124":0,"125":0,"126":0,"127":0,"128":0,"129":0,"130":0,"131":0,"132":0,"133":0,"134":0,"135":0,"136":0,"137":0,"138":0,"139":0,"140":0,"141":0,"142":0,"143":1,"144":0,"145":0,"146":0,"147":1,"148":0,"149":0,"150":0,"151":0,"152":0,"153":0,"154":0,"155":0,"156":0,"157":0,"158":0,"159":0,"160":0,"161":0,"162":0,"163":0,"164":0,"165":0,"166":1,"167":0,"168":0,"169":0,"170":0,"171":0,"172":0,"173":0,"174":1,"175":0,"176":0,"177":1,"178":0,"179":0,"180":0,"181":1,"182":0,"183":0,"184":0,"185":0,"186":1,"187":0,"188":0,"189":0,"190":0,"191":1,"192":0,"193":0,"194":0,"195":0,"196":0,"197":0,"198":1,"199":0,"200":0,"201":0,"202":0,"203":0,"204":0,"205":0,"206":0,"207":0,"208":0,"209":0,"210":0,"211":0,"212":0,"213":0,"214":0,"215":0,"216":0,"217":0,"218":0,"219":0,"220":0,"221":0,"222":0,"223":0,"224":1,"225":1},"b":{"1":[1,0],"2":[1,1],"3":[0,0],"4":[0,0],"5":[0,0],"6":[0,0],"7":[0,0],"8":[0,0],"9":[0,0],"10":[0,0],"11":[0,0],"12":[0,0],"13":[0,0],"14":[0,0],"15":[0,0],"16":[0,0],"17":[0,0],"18":[0,0],"19":[0,0,0,0],"20":[0,0],"21":[0,0],"22":[0,0],"23":[0,0],"24":[0,0],"25":[0,0],"26":[0,0],"27":[0,0],"28":[0,0],"29":[0,0],"30":[0,0],"31":[0,0],"32":[0,0],"33":[0,0,0],"34":[0,0],"35":[0,0,0],"36":[0,0],"37":[0,0],"38":[0,0],"39":[0,0],"40":[0,0],"41":[0,0],"42":[0,0],"43":[0,0],"44":[0,0],"45":[0,0],"46":[0,0],"47":[0,0],"48":[0,0],"49":[0,0],"50":[0,0],"51":[0,0],"52":[0,0],"53":[0,0],"54":[0,0],"55":[0,0],"56":[0,0],"57":[0,0],"58":[0,0],"59":[0,0],"60":[0,0],"61":[0,0],"62":[0,0],"63":[0,0]},"f":{"1":1,"2":0,"3":0,"4":1,"5":1,"6":0,"7":0,"8":0,"9":0,"10":0,"11":0,"12":0,"13":0,"14":0,"15":0,"16":0,"17":0,"18":0,"19":0,"20":0,"21":0,"22":0,"23":0,"24":0,"25":0,"26":0,"27":0,"28":0,"29":0,"30":0,"31":0,"32":0,"33":0,"34":0,"35":0,"36":0,"37":0,"38":0,"39":0,"40":0,"41":0,"42":0,"43":0,"44":0,"45":0,"46":0,"47":0,"48":0},"fnMap":{"1":{"name":"(anonymous_1)","line":2,"loc":{"start":{"line":2,"column":1},"end":{"line":2,"column":12}}},"2":{"name":"(anonymous_2)","line":4,"loc":{"start":{"line":4,"column":11},"end":{"line":4,"column":27}}},"3":{"name":"(anonymous_3)","line":4,"loc":{"start":{"line":4,"column":36},"end":{"line":4,"column":46}}},"4":{"name":"(anonymous_4)","line":11,"loc":{"start":{"line":11,"column":16},"end":{"line":11,"column":27}}},"5":{"name":"(anonymous_5)","line":25,"loc":{"start":{"line":25,"column":57},"end":{"line":25,"column":68}}},"6":{"name":"(anonymous_6)","line":30,"loc":{"start":{"line":30,"column":78},"end":{"line":30,"column":89}}},"7":{"name":"Bottleneck","line":36,"loc":{"start":{"line":36,"column":4},"end":{"line":36,"column":75}}},"8":{"name":"(anonymous_8)","line":58,"loc":{"start":{"line":58,"column":36},"end":{"line":58,"column":57}}},"9":{"name":"(anonymous_9)","line":62,"loc":{"start":{"line":62,"column":26},"end":{"line":62,"column":42}}},"10":{"name":"(anonymous_10)","line":63,"loc":{"start":{"line":63,"column":15},"end":{"line":63,"column":26}}},"11":{"name":"(anonymous_11)","line":65,"loc":{"start":{"line":65,"column":66},"end":{"line":65,"column":78}}},"12":{"name":"(anonymous_12)","line":72,"loc":{"start":{"line":72,"column":39},"end":{"line":72,"column":50}}},"13":{"name":"(anonymous_13)","line":81,"loc":{"start":{"line":81,"column":33},"end":{"line":81,"column":51}}},"14":{"name":"(anonymous_14)","line":86,"loc":{"start":{"line":86,"column":37},"end":{"line":86,"column":48}}},"15":{"name":"(anonymous_15)","line":90,"loc":{"start":{"line":90,"column":45},"end":{"line":90,"column":64}}},"16":{"name":"(anonymous_16)","line":102,"loc":{"start":{"line":102,"column":33},"end":{"line":102,"column":51}}},"17":{"name":"(anonymous_17)","line":113,"loc":{"start":{"line":113,"column":36},"end":{"line":113,"column":55}}},"18":{"name":"(anonymous_18)","line":117,"loc":{"start":{"line":117,"column":36},"end":{"line":117,"column":51}}},"19":{"name":"(anonymous_19)","line":123,"loc":{"start":{"line":123,"column":37},"end":{"line":123,"column":48}}},"20":{"name":"(anonymous_20)","line":127,"loc":{"start":{"line":127,"column":37},"end":{"line":127,"column":51}}},"21":{"name":"(anonymous_21)","line":128,"loc":{"start":{"line":128,"column":29},"end":{"line":128,"column":41}}},"22":{"name":"(anonymous_22)","line":133,"loc":{"start":{"line":133,"column":44},"end":{"line":133,"column":55}}},"23":{"name":"(anonymous_23)","line":137,"loc":{"start":{"line":137,"column":33},"end":{"line":137,"column":44}}},"24":{"name":"(anonymous_24)","line":141,"loc":{"start":{"line":141,"column":37},"end":{"line":141,"column":48}}},"25":{"name":"(anonymous_25)","line":157,"loc":{"start":{"line":157,"column":31},"end":{"line":157,"column":47}}},"26":{"name":"(anonymous_26)","line":158,"loc":{"start":{"line":158,"column":19},"end":{"line":158,"column":30}}},"27":{"name":"(anonymous_27)","line":160,"loc":{"start":{"line":160,"column":26},"end":{"line":160,"column":37}}},"28":{"name":"(anonymous_28)","line":190,"loc":{"start":{"line":190,"column":34},"end":{"line":190,"column":45}}},"29":{"name":"(anonymous_29)","line":196,"loc":{"start":{"line":196,"column":42},"end":{"line":196,"column":53}}},"30":{"name":"(anonymous_30)","line":226,"loc":{"start":{"line":226,"column":36},"end":{"line":226,"column":47}}},"31":{"name":"(anonymous_31)","line":232,"loc":{"start":{"line":232,"column":44},"end":{"line":232,"column":55}}},"32":{"name":"(anonymous_32)","line":235,"loc":{"start":{"line":235,"column":16},"end":{"line":235,"column":27}}},"33":{"name":"(anonymous_33)","line":238,"loc":{"start":{"line":238,"column":43},"end":{"line":238,"column":54}}},"34":{"name":"(anonymous_34)","line":242,"loc":{"start":{"line":242,"column":20},"end":{"line":242,"column":31}}},"35":{"name":"(anonymous_35)","line":248,"loc":{"start":{"line":248,"column":47},"end":{"line":248,"column":63}}},"36":{"name":"(anonymous_36)","line":249,"loc":{"start":{"line":249,"column":15},"end":{"line":249,"column":41}}},"37":{"name":"(anonymous_37)","line":250,"loc":{"start":{"line":250,"column":96},"end":{"line":250,"column":107}}},"38":{"name":"(anonymous_38)","line":259,"loc":{"start":{"line":259,"column":42},"end":{"line":259,"column":102}}},"39":{"name":"(anonymous_39)","line":269,"loc":{"start":{"line":269,"column":41},"end":{"line":269,"column":59}}},"40":{"name":"(anonymous_40)","line":274,"loc":{"start":{"line":274,"column":43},"end":{"line":274,"column":63}}},"41":{"name":"(anonymous_41)","line":280,"loc":{"start":{"line":280,"column":46},"end":{"line":280,"column":61}}},"42":{"name":"(anonymous_42)","line":288,"loc":{"start":{"line":288,"column":30},"end":{"line":288,"column":49}}},"43":{"name":"(anonymous_43)","line":297,"loc":{"start":{"line":297,"column":46},"end":{"line":297,"column":61}}},"44":{"name":"(anonymous_44)","line":309,"loc":{"start":{"line":309,"column":35},"end":{"line":309,"column":55}}},"45":{"name":"(anonymous_45)","line":317,"loc":{"start":{"line":317,"column":23},"end":{"line":317,"column":34}}},"46":{"name":"(anonymous_46)","line":318,"loc":{"start":{"line":318,"column":19},"end":{"line":318,"column":30}}},"47":{"name":"(anonymous_47)","line":321,"loc":{"start":{"line":321,"column":42},"end":{"line":321,"column":53}}},"48":{"name":"(anonymous_48)","line":326,"loc":{"start":{"line":326,"column":46},"end":{"line":326,"column":57}}}},"statementMap":{"1":{"start":{"line":2,"column":0},"end":{"line":351,"column":14}},"2":{"start":{"line":3,"column":2},"end":{"line":5,"column":21}},"3":{"start":{"line":4,"column":29},"end":{"line":4,"column":82}},"4":{"start":{"line":4,"column":48},"end":{"line":4,"column":79}},"5":{"start":{"line":7,"column":2},"end":{"line":7,"column":21}},"6":{"start":{"line":9,"column":2},"end":{"line":9,"column":22}},"7":{"start":{"line":11,"column":2},"end":{"line":347,"column":7}},"8":{"start":{"line":12,"column":4},"end":{"line":12,"column":10}},"9":{"start":{"line":14,"column":4},"end":{"line":19,"column":6}},"10":{"start":{"line":21,"column":4},"end":{"line":21,"column":77}},"11":{"start":{"line":23,"column":4},"end":{"line":23,"column":74}},"12":{"start":{"line":25,"column":4},"end":{"line":34,"column":9}},"13":{"start":{"line":26,"column":6},"end":{"line":33,"column":7}},"14":{"start":{"line":27,"column":8},"end":{"line":27,"column":35}},"15":{"start":{"line":29,"column":8},"end":{"line":29,"column":18}},"16":{"start":{"line":30,"column":8},"end":{"line":32,"column":10}},"17":{"start":{"line":31,"column":10},"end":{"line":31,"column":107}},"18":{"start":{"line":36,"column":4},"end":{"line":56,"column":5}},"19":{"start":{"line":37,"column":6},"end":{"line":37,"column":45}},"20":{"start":{"line":38,"column":6},"end":{"line":38,"column":51}},"21":{"start":{"line":39,"column":6},"end":{"line":39,"column":58}},"22":{"start":{"line":40,"column":6},"end":{"line":40,"column":87}},"23":{"start":{"line":41,"column":6},"end":{"line":41,"column":70}},"24":{"start":{"line":42,"column":6},"end":{"line":42,"column":64}},"25":{"start":{"line":43,"column":6},"end":{"line":43,"column":60}},"26":{"start":{"line":44,"column":6},"end":{"line":44,"column":44}},"27":{"start":{"line":45,"column":6},"end":{"line":45,"column":37}},"28":{"start":{"line":46,"column":6},"end":{"line":46,"column":26}},"29":{"start":{"line":47,"column":6},"end":{"line":47,"column":40}},"30":{"start":{"line":48,"column":6},"end":{"line":48,"column":25}},"31":{"start":{"line":49,"column":6},"end":{"line":49,"column":26}},"32":{"start":{"line":50,"column":6},"end":{"line":50,"column":28}},"33":{"start":{"line":51,"column":6},"end":{"line":51,"column":49}},"34":{"start":{"line":52,"column":6},"end":{"line":52,"column":29}},"35":{"start":{"line":53,"column":6},"end":{"line":53,"column":28}},"36":{"start":{"line":54,"column":6},"end":{"line":54,"column":26}},"37":{"start":{"line":55,"column":6},"end":{"line":55,"column":23}},"38":{"start":{"line":58,"column":4},"end":{"line":70,"column":6}},"39":{"start":{"line":59,"column":6},"end":{"line":61,"column":7}},"40":{"start":{"line":60,"column":8},"end":{"line":60,"column":85}},"41":{"start":{"line":62,"column":6},"end":{"line":69,"column":20}},"42":{"start":{"line":63,"column":8},"end":{"line":68,"column":10}},"43":{"start":{"line":64,"column":10},"end":{"line":64,"column":18}},"44":{"start":{"line":65,"column":10},"end":{"line":67,"column":22}},"45":{"start":{"line":66,"column":12},"end":{"line":66,"column":37}},"46":{"start":{"line":72,"column":4},"end":{"line":79,"column":6}},"47":{"start":{"line":73,"column":6},"end":{"line":73,"column":29}},"48":{"start":{"line":74,"column":6},"end":{"line":74,"column":19}},"49":{"start":{"line":75,"column":6},"end":{"line":77,"column":7}},"50":{"start":{"line":76,"column":8},"end":{"line":76,"column":56}},"51":{"start":{"line":78,"column":6},"end":{"line":78,"column":21}},"52":{"start":{"line":81,"column":4},"end":{"line":84,"column":6}},"53":{"start":{"line":82,"column":6},"end":{"line":82,"column":29}},"54":{"start":{"line":83,"column":6},"end":{"line":83,"column":18}},"55":{"start":{"line":86,"column":4},"end":{"line":88,"column":6}},"56":{"start":{"line":87,"column":6},"end":{"line":87,"column":45}},"57":{"start":{"line":90,"column":4},"end":{"line":100,"column":6}},"58":{"start":{"line":91,"column":6},"end":{"line":91,"column":20}},"59":{"start":{"line":92,"column":6},"end":{"line":92,"column":71}},"60":{"start":{"line":93,"column":6},"end":{"line":99,"column":7}},"61":{"start":{"line":94,"column":8},"end":{"line":94,"column":17}},"62":{"start":{"line":95,"column":13},"end":{"line":99,"column":7}},"63":{"start":{"line":96,"column":8},"end":{"line":96,"column":33}},"64":{"start":{"line":98,"column":8},"end":{"line":98,"column":25}},"65":{"start":{"line":102,"column":4},"end":{"line":111,"column":6}},"66":{"start":{"line":103,"column":6},"end":{"line":103,"column":23}},"67":{"start":{"line":104,"column":6},"end":{"line":109,"column":7}},"68":{"start":{"line":105,"column":8},"end":{"line":105,"column":19}},"69":{"start":{"line":106,"column":8},"end":{"line":108,"column":9}},"70":{"start":{"line":107,"column":10},"end":{"line":107,"column":19}},"71":{"start":{"line":110,"column":6},"end":{"line":110,"column":16}},"72":{"start":{"line":113,"column":4},"end":{"line":121,"column":6}},"73":{"start":{"line":114,"column":6},"end":{"line":120,"column":7}},"74":{"start":{"line":115,"column":8},"end":{"line":115,"column":69}},"75":{"start":{"line":117,"column":8},"end":{"line":119,"column":15}},"76":{"start":{"line":118,"column":10},"end":{"line":118,"column":30}},"77":{"start":{"line":123,"column":4},"end":{"line":125,"column":6}},"78":{"start":{"line":124,"column":6},"end":{"line":124,"column":29}},"79":{"start":{"line":127,"column":4},"end":{"line":131,"column":6}},"80":{"start":{"line":128,"column":6},"end":{"line":130,"column":9}},"81":{"start":{"line":129,"column":8},"end":{"line":129,"column":28}},"82":{"start":{"line":133,"column":4},"end":{"line":135,"column":6}},"83":{"start":{"line":134,"column":6},"end":{"line":134,"column":116}},"84":{"start":{"line":137,"column":4},"end":{"line":139,"column":6}},"85":{"start":{"line":138,"column":6},"end":{"line":138,"column":78}},"86":{"start":{"line":141,"column":4},"end":{"line":188,"column":6}},"87":{"start":{"line":142,"column":6},"end":{"line":142,"column":42}},"88":{"start":{"line":143,"column":6},"end":{"line":187,"column":7}},"89":{"start":{"line":144,"column":8},"end":{"line":144,"column":26}},"90":{"start":{"line":145,"column":8},"end":{"line":147,"column":9}},"91":{"start":{"line":146,"column":10},"end":{"line":146,"column":27}},"92":{"start":{"line":148,"column":8},"end":{"line":148,"column":59}},"93":{"start":{"line":149,"column":8},"end":{"line":149,"column":61}},"94":{"start":{"line":150,"column":8},"end":{"line":150,"column":54}},"95":{"start":{"line":151,"column":8},"end":{"line":153,"column":9}},"96":{"start":{"line":152,"column":10},"end":{"line":152,"column":37}},"97":{"start":{"line":154,"column":8},"end":{"line":154,"column":21}},"98":{"start":{"line":155,"column":8},"end":{"line":155,"column":34}},"99":{"start":{"line":156,"column":8},"end":{"line":183,"column":10}},"100":{"start":{"line":158,"column":12},"end":{"line":180,"column":14}},"101":{"start":{"line":159,"column":14},"end":{"line":159,"column":28}},"102":{"start":{"line":160,"column":14},"end":{"line":174,"column":16}},"103":{"start":{"line":161,"column":16},"end":{"line":161,"column":24}},"104":{"start":{"line":162,"column":16},"end":{"line":173,"column":17}},"105":{"start":{"line":163,"column":18},"end":{"line":163,"column":30}},"106":{"start":{"line":164,"column":18},"end":{"line":164,"column":47}},"107":{"start":{"line":165,"column":18},"end":{"line":165,"column":37}},"108":{"start":{"line":166,"column":18},"end":{"line":166,"column":36}},"109":{"start":{"line":167,"column":18},"end":{"line":169,"column":19}},"110":{"start":{"line":168,"column":20},"end":{"line":168,"column":47}},"111":{"start":{"line":170,"column":18},"end":{"line":172,"column":19}},"112":{"start":{"line":171,"column":20},"end":{"line":171,"column":118}},"113":{"start":{"line":175,"column":14},"end":{"line":179,"column":15}},"114":{"start":{"line":176,"column":16},"end":{"line":176,"column":122}},"115":{"start":{"line":178,"column":16},"end":{"line":178,"column":72}},"116":{"start":{"line":184,"column":8},"end":{"line":184,"column":20}},"117":{"start":{"line":186,"column":8},"end":{"line":186,"column":21}},"118":{"start":{"line":190,"column":4},"end":{"line":194,"column":6}},"119":{"start":{"line":191,"column":6},"end":{"line":191,"column":15}},"120":{"start":{"line":192,"column":6},"end":{"line":192,"column":67}},"121":{"start":{"line":193,"column":6},"end":{"line":193,"column":90}},"122":{"start":{"line":196,"column":4},"end":{"line":224,"column":6}},"123":{"start":{"line":197,"column":6},"end":{"line":197,"column":74}},"124":{"start":{"line":198,"column":6},"end":{"line":198,"column":169}},"125":{"start":{"line":199,"column":6},"end":{"line":203,"column":8}},"126":{"start":{"line":204,"column":6},"end":{"line":204,"column":50}},"127":{"start":{"line":205,"column":6},"end":{"line":205,"column":104}},"128":{"start":{"line":206,"column":6},"end":{"line":220,"column":7}},"129":{"start":{"line":207,"column":8},"end":{"line":207,"column":54}},"130":{"start":{"line":208,"column":8},"end":{"line":208,"column":61}},"131":{"start":{"line":209,"column":8},"end":{"line":209,"column":42}},"132":{"start":{"line":210,"column":8},"end":{"line":210,"column":40}},"133":{"start":{"line":211,"column":8},"end":{"line":211,"column":20}},"134":{"start":{"line":212,"column":13},"end":{"line":220,"column":7}},"135":{"start":{"line":213,"column":8},"end":{"line":213,"column":351}},"136":{"start":{"line":214,"column":8},"end":{"line":216,"column":9}},"137":{"start":{"line":215,"column":10},"end":{"line":215,"column":46}},"138":{"start":{"line":217,"column":8},"end":{"line":219,"column":9}},"139":{"start":{"line":218,"column":10},"end":{"line":218,"column":38}},"140":{"start":{"line":221,"column":6},"end":{"line":221,"column":39}},"141":{"start":{"line":222,"column":6},"end":{"line":222,"column":23}},"142":{"start":{"line":223,"column":6},"end":{"line":223,"column":34}},"143":{"start":{"line":226,"column":4},"end":{"line":230,"column":6}},"144":{"start":{"line":227,"column":6},"end":{"line":227,"column":15}},"145":{"start":{"line":228,"column":6},"end":{"line":228,"column":67}},"146":{"start":{"line":229,"column":6},"end":{"line":229,"column":92}},"147":{"start":{"line":232,"column":4},"end":{"line":257,"column":6}},"148":{"start":{"line":233,"column":6},"end":{"line":233,"column":40}},"149":{"start":{"line":234,"column":6},"end":{"line":234,"column":113}},"150":{"start":{"line":235,"column":6},"end":{"line":247,"column":8}},"151":{"start":{"line":236,"column":8},"end":{"line":236,"column":24}},"152":{"start":{"line":237,"column":8},"end":{"line":237,"column":125}},"153":{"start":{"line":238,"column":8},"end":{"line":246,"column":11}},"154":{"start":{"line":239,"column":10},"end":{"line":239,"column":19}},"155":{"start":{"line":240,"column":10},"end":{"line":240,"column":71}},"156":{"start":{"line":241,"column":10},"end":{"line":241,"column":66}},"157":{"start":{"line":243,"column":10},"end":{"line":243,"column":19}},"158":{"start":{"line":244,"column":10},"end":{"line":244,"column":71}},"159":{"start":{"line":245,"column":10},"end":{"line":245,"column":36}},"160":{"start":{"line":248,"column":6},"end":{"line":256,"column":16}},"161":{"start":{"line":249,"column":8},"end":{"line":255,"column":10}},"162":{"start":{"line":250,"column":10},"end":{"line":254,"column":14}},"163":{"start":{"line":251,"column":12},"end":{"line":251,"column":21}},"164":{"start":{"line":252,"column":12},"end":{"line":252,"column":73}},"165":{"start":{"line":253,"column":12},"end":{"line":253,"column":88}},"166":{"start":{"line":259,"column":4},"end":{"line":267,"column":6}},"167":{"start":{"line":260,"column":6},"end":{"line":260,"column":54}},"168":{"start":{"line":261,"column":6},"end":{"line":261,"column":62}},"169":{"start":{"line":262,"column":6},"end":{"line":262,"column":70}},"170":{"start":{"line":263,"column":6},"end":{"line":263,"column":66}},"171":{"start":{"line":264,"column":6},"end":{"line":264,"column":82}},"172":{"start":{"line":265,"column":6},"end":{"line":265,"column":33}},"173":{"start":{"line":266,"column":6},"end":{"line":266,"column":18}},"174":{"start":{"line":269,"column":4},"end":{"line":272,"column":6}},"175":{"start":{"line":270,"column":6},"end":{"line":270,"column":62}},"176":{"start":{"line":271,"column":6},"end":{"line":271,"column":18}},"177":{"start":{"line":274,"column":4},"end":{"line":278,"column":6}},"178":{"start":{"line":275,"column":6},"end":{"line":275,"column":33}},"179":{"start":{"line":276,"column":6},"end":{"line":276,"column":33}},"180":{"start":{"line":277,"column":6},"end":{"line":277,"column":18}},"181":{"start":{"line":280,"column":4},"end":{"line":286,"column":6}},"182":{"start":{"line":281,"column":6},"end":{"line":283,"column":7}},"183":{"start":{"line":282,"column":8},"end":{"line":282,"column":17}},"184":{"start":{"line":284,"column":6},"end":{"line":284,"column":50}},"185":{"start":{"line":285,"column":6},"end":{"line":285,"column":18}},"186":{"start":{"line":288,"column":4},"end":{"line":295,"column":6}},"187":{"start":{"line":289,"column":6},"end":{"line":293,"column":7}},"188":{"start":{"line":290,"column":8},"end":{"line":290,"column":35}},"189":{"start":{"line":292,"column":8},"end":{"line":292,"column":33}},"190":{"start":{"line":294,"column":6},"end":{"line":294,"column":18}},"191":{"start":{"line":297,"column":4},"end":{"line":307,"column":6}},"192":{"start":{"line":298,"column":6},"end":{"line":300,"column":7}},"193":{"start":{"line":299,"column":8},"end":{"line":299,"column":20}},"194":{"start":{"line":301,"column":6},"end":{"line":305,"column":7}},"195":{"start":{"line":302,"column":8},"end":{"line":302,"column":33}},"196":{"start":{"line":304,"column":8},"end":{"line":304,"column":25}},"197":{"start":{"line":306,"column":6},"end":{"line":306,"column":18}},"198":{"start":{"line":309,"column":4},"end":{"line":343,"column":6}},"199":{"start":{"line":310,"column":6},"end":{"line":310,"column":40}},"200":{"start":{"line":311,"column":6},"end":{"line":311,"column":70}},"201":{"start":{"line":312,"column":6},"end":{"line":312,"column":40}},"202":{"start":{"line":313,"column":6},"end":{"line":316,"column":7}},"203":{"start":{"line":314,"column":8},"end":{"line":314,"column":20}},"204":{"start":{"line":315,"column":8},"end":{"line":315,"column":47}},"205":{"start":{"line":317,"column":6},"end":{"line":317,"column":37}},"206":{"start":{"line":318,"column":6},"end":{"line":320,"column":8}},"207":{"start":{"line":319,"column":8},"end":{"line":319,"column":21}},"208":{"start":{"line":321,"column":6},"end":{"line":325,"column":8}},"209":{"start":{"line":322,"column":8},"end":{"line":322,"column":24}},"210":{"start":{"line":323,"column":8},"end":{"line":323,"column":125}},"211":{"start":{"line":324,"column":8},"end":{"line":324,"column":56}},"212":{"start":{"line":326,"column":6},"end":{"line":328,"column":8}},"213":{"start":{"line":327,"column":8},"end":{"line":327,"column":68}},"214":{"start":{"line":329,"column":6},"end":{"line":334,"column":7}},"215":{"start":{"line":330,"column":8},"end":{"line":333,"column":9}},"216":{"start":{"line":331,"column":10},"end":{"line":331,"column":22}},"217":{"start":{"line":332,"column":10},"end":{"line":332,"column":59}},"218":{"start":{"line":335,"column":6},"end":{"line":337,"column":7}},"219":{"start":{"line":336,"column":8},"end":{"line":336,"column":40}},"220":{"start":{"line":338,"column":6},"end":{"line":338,"column":33}},"221":{"start":{"line":339,"column":6},"end":{"line":341,"column":7}},"222":{"start":{"line":340,"column":8},"end":{"line":340,"column":34}},"223":{"start":{"line":342,"column":6},"end":{"line":342,"column":18}},"224":{"start":{"line":345,"column":4},"end":{"line":345,"column":22}},"225":{"start":{"line":349,"column":2},"end":{"line":349,"column":30}}},"branchMap":{"1":{"line":30,"type":"cond-expr","locations":[{"start":{"line":30,"column":68},"end":{"line":30,"column":75}},{"start":{"line":30,"column":78},"end":{"line":32,"column":9}}]},"2":{"line":30,"type":"binary-expr","locations":[{"start":{"line":30,"column":15},"end":{"line":30,"column":45}},{"start":{"line":30,"column":49},"end":{"line":30,"column":65}}]},"3":{"line":37,"type":"cond-expr","locations":[{"start":{"line":37,"column":35},"end":{"line":37,"column":40}},{"start":{"line":37,"column":43},"end":{"line":37,"column":44}}]},"4":{"line":38,"type":"cond-expr","locations":[{"start":{"line":38,"column":39},"end":{"line":38,"column":46}},{"start":{"line":38,"column":49},"end":{"line":38,"column":50}}]},"5":{"line":39,"type":"cond-expr","locations":[{"start":{"line":39,"column":43},"end":{"line":39,"column":52}},{"start":{"line":39,"column":55},"end":{"line":39,"column":57}}]},"6":{"line":40,"type":"cond-expr","locations":[{"start":{"line":40,"column":41},"end":{"line":40,"column":49}},{"start":{"line":40,"column":52},"end":{"line":40,"column":86}}]},"7":{"line":41,"type":"cond-expr","locations":[{"start":{"line":41,"column":49},"end":{"line":41,"column":61}},{"start":{"line":41,"column":64},"end":{"line":41,"column":69}}]},"8":{"line":51,"type":"binary-expr","locations":[{"start":{"line":51,"column":22},"end":{"line":51,"column":39}},{"start":{"line":51,"column":44},"end":{"line":51,"column":48}}]},"9":{"line":59,"type":"if","locations":[{"start":{"line":59,"column":6},"end":{"line":59,"column":6}},{"start":{"line":59,"column":6},"end":{"line":59,"column":6}}]},"10":{"line":59,"type":"binary-expr","locations":[{"start":{"line":59,"column":10},"end":{"line":59,"column":27}},{"start":{"line":59,"column":31},"end":{"line":59,"column":49}}]},"11":{"line":65,"type":"cond-expr","locations":[{"start":{"line":65,"column":54},"end":{"line":67,"column":12}},{"start":{"line":67,"column":15},"end":{"line":67,"column":21}}]},"12":{"line":75,"type":"cond-expr","locations":[{"start":{"line":75,"column":54},"end":{"line":75,"column":62}},{"start":{"line":75,"column":65},"end":{"line":75,"column":73}}]},"13":{"line":75,"type":"cond-expr","locations":[{"start":{"line":75,"column":90},"end":{"line":75,"column":93}},{"start":{"line":75,"column":96},"end":{"line":75,"column":99}}]},"14":{"line":92,"type":"cond-expr","locations":[{"start":{"line":92,"column":44},"end":{"line":92,"column":59}},{"start":{"line":92,"column":62},"end":{"line":92,"column":70}}]},"15":{"line":93,"type":"if","locations":[{"start":{"line":93,"column":6},"end":{"line":93,"column":6}},{"start":{"line":93,"column":6},"end":{"line":93,"column":6}}]},"16":{"line":95,"type":"if","locations":[{"start":{"line":95,"column":13},"end":{"line":95,"column":13}},{"start":{"line":95,"column":13},"end":{"line":95,"column":13}}]},"17":{"line":106,"type":"if","locations":[{"start":{"line":106,"column":8},"end":{"line":106,"column":8}},{"start":{"line":106,"column":8},"end":{"line":106,"column":8}}]},"18":{"line":114,"type":"if","locations":[{"start":{"line":114,"column":6},"end":{"line":114,"column":6}},{"start":{"line":114,"column":6},"end":{"line":114,"column":6}}]},"19":{"line":134,"type":"binary-expr","locations":[{"start":{"line":134,"column":14},"end":{"line":134,"column":43}},{"start":{"line":134,"column":47},"end":{"line":134,"column":62}},{"start":{"line":134,"column":69},"end":{"line":134,"column":91}},{"start":{"line":134,"column":96},"end":{"line":134,"column":114}}]},"20":{"line":138,"type":"binary-expr","locations":[{"start":{"line":138,"column":13},"end":{"line":138,"column":36}},{"start":{"line":138,"column":40},"end":{"line":138,"column":77}}]},"21":{"line":143,"type":"if","locations":[{"start":{"line":143,"column":6},"end":{"line":143,"column":6}},{"start":{"line":143,"column":6},"end":{"line":143,"column":6}}]},"22":{"line":143,"type":"binary-expr","locations":[{"start":{"line":143,"column":10},"end":{"line":143,"column":33}},{"start":{"line":143,"column":37},"end":{"line":143,"column":67}}]},"23":{"line":145,"type":"if","locations":[{"start":{"line":145,"column":8},"end":{"line":145,"column":8}},{"start":{"line":145,"column":8},"end":{"line":145,"column":8}}]},"24":{"line":151,"type":"if","locations":[{"start":{"line":151,"column":8},"end":{"line":151,"column":8}},{"start":{"line":151,"column":8},"end":{"line":151,"column":8}}]},"25":{"line":162,"type":"if","locations":[{"start":{"line":162,"column":16},"end":{"line":162,"column":16}},{"start":{"line":162,"column":16},"end":{"line":162,"column":16}}]},"26":{"line":167,"type":"if","locations":[{"start":{"line":167,"column":18},"end":{"line":167,"column":18}},{"start":{"line":167,"column":18},"end":{"line":167,"column":18}}]},"27":{"line":167,"type":"binary-expr","locations":[{"start":
[...]
o,!0);var f=new Error(\"Cannot find module '\"+o+\"'\");throw f.code=\"MODULE_NOT_FOUND\",f}var l=n[o]={exports:{}};t[o][0].call(l.exports,function(e){var n=t[o][1][e];return s(n?n:e)},l,l.exports,e,t,n,r)}return n[o].exports}var i=typeof require==\"function\"&&require;for(var o=0;o<r.length;o++)s(r[o]);return s})({1:[function(require,module,exports){","// Generated by CoffeeScript 1.11.0","(function() {","  var Bottleneck, MIDDLE_PRIORITY, NB_PRIORITIES,","    bind = function(fn, me){ return function(){ return fn.apply(me, arguments); }; },","    slice = [].slice;","","  NB_PRIORITIES = 10;","","  MIDDLE_PRIORITY = 5;","","  Bottleneck = (function() {","    var e;","","    Bottleneck.strategy = Bottleneck.prototype.strategy = {","      LEAK: 1,","      OVERFLOW: 2,","      OVERFLOW_PRIORITY: 4,","      BLOCK: 3","    };","","    Bottleneck.Cluster = Bottleneck.prototype.Cluster = require(\"./Cluster\");","","    Bottleneck.DLList = Bottleneck.prototype.DLList = require(\"./DLList\");","","    Bottleneck.Promise = Bottleneck.prototype.Promise = (function() {","      try {","        return require(\"bluebird\");","      } catch (error) {","        e = error;","        return typeof Promise !== \"undefined\" && Promise !== null ? Promise : function() {","          throw new Error(\"Bottleneck: install 'bluebird' or use Node 0.12 or higher for Promise support\");","        };","      }","    })();","","    function Bottleneck(maxNb, minTime, highWater, strategy, rejectOnDrop) {","      this.maxNb = maxNb != null ? maxNb : 0;","      this.minTime = minTime != null ? minTime : 0;","      this.highWater = highWater != null ? highWater : -1;","      this.strategy = strategy != null ? strategy : Bottleneck.prototype.strategy.LEAK;","      this.rejectOnDrop = rejectOnDrop != null ? rejectOnDrop : false;","      this.schedulePriority = bind(this.schedulePriority, this);","      this.submitPriority = bind(this.submitPriority, this);","      this.submit = bind(this.submit, this);","      this._nextRequest = Date.now();","      this._nbRunning = 0;","      this._queues = this._makeQueues();","      this._running = {};","      this._nextIndex = 0;","      this._unblockTime = 0;","      this.penalty = (15 * this.minTime) || 5000;","      this.interrupt = false;","      this.reservoir = null;","      this.limiter = null;","      this.events = {};","    }","","    Bottleneck.prototype._trigger = function(name, args) {","      if (this.rejectOnDrop && name === \"dropped\") {","        args[0].cb.apply({}, [new Error(\"This job has been dropped by Bottleneck\")]);","      }","      return setTimeout(((function(_this) {","        return function() {","          var ref;","          return (ref = _this.events[name]) != null ? ref.forEach(function(e) {","            return e.apply({}, args);","          }) : void 0;","        };","      })(this)), 0);","    };","","    Bottleneck.prototype._makeQueues = function() {","      var i, j, ref, results;","      results = [];","      for (i = j = 1, ref = NB_PRIORITIES; 1 <= ref ? j <= ref : j >= ref; i = 1 <= ref ? ++j : --j) {","        results.push(new Bottleneck.prototype.DLList());","      }","      return results;","    };","","    Bottleneck.prototype.chain = function(limiter) {","      this.limiter = limiter;","      return this;","    };","","    Bottleneck.prototype.isBlocked = function() {","      return this._unblockTime >= Date.now();","    };","","    Bottleneck.prototype._sanitizePriority = function(priority) {","      var sProperty;","      sProperty = ~~priority !== priority ? MIDDLE_PRIORITY : priority;","      if (sProperty < 0) {","        return 0;","      } else if (sProperty > NB_PRIORITIES - 1) {","        return NB_PRIORITIES - 1;","      } else {","        return sProperty;","      }","    };","","    Bottleneck.prototype._find = function(arr, fn) {","      var i, j, len, x;","      for (i = j = 0, len = arr.length; j < len; i = ++j) {","        x = arr[i];","        if (fn(x)) {","          return x;","        }","      }","      return [];","    };","","    Bottleneck.prototype.nbQueued = function(priority) {","      if (priority != null) {","        return this._queues[this._sanitizePriority(priority)].length;","      } else {","        return this._queues.reduce((function(a, b) {","          return a + b.length;","        }), 0);","      }","    };","","    Bottleneck.prototype.nbRunning = function() {","      return this._nbRunning;","    };","","    Bottleneck.prototype._getFirst = function(arr) {","      return this._find(arr, function(x) {","        return x.length > 0;","      });","    };","","    Bottleneck.prototype._conditionsCheck = function() {","      return (this.nbRunning() < this.maxNb || this.maxNb <= 0) && ((this.reservoir == null) || this.reservoir > 0);","    };","","    Bottleneck.prototype.check = function() {","      return this._conditionsCheck() && (this._nextRequest - Date.now()) <= 0;","    };","","    Bottleneck.prototype._tryToRun = function() {","      var done, index, next, queued, wait;","      if (this._conditionsCheck() && (queued = this.nbQueued()) > 0) {","        this._nbRunning++;","        if (this.reservoir != null) {","          this.reservoir--;","        }","        wait = Math.max(this._nextRequest - Date.now(), 0);","        this._nextRequest = Date.now() + wait + this.minTime;","        next = (this._getFirst(this._queues)).shift();","        if (queued === 1) {","          this._trigger(\"empty\", []);","        }","        done = false;","        index = this._nextIndex++;","        this._running[index] = {","          timeout: setTimeout((function(_this) {","            return function() {","              var completed;","              completed = function() {","                var ref;","                if (!done) {","                  done = true;","                  delete _this._running[index];","                  _this._nbRunning--;","                  _this._tryToRun();","                  if (_this.nbRunning() === 0 && _this.nbQueued() === 0) {","                    _this._trigger(\"idle\", []);","                  }","                  if (!_this.interrupt) {","                    return (ref = next.cb) != null ? ref.apply({}, Array.prototype.slice.call(arguments, 0)) : void 0;","                  }","                }","              };","              if (_this.limiter != null) {","                return _this.limiter.submit.apply(_this.limiter, Array.prototype.concat(next.task, next.args, completed));","              } else {","                return next.task.apply({}, next.args.concat(completed));","              }","            };","          })(this), wait),","          job: next","        };","        return true;","      } else {","        return false;","      }","    };","","    Bottleneck.prototype.submit = function() {","      var args;","      args = 1 <= arguments.length ? slice.call(arguments, 0) : [];","      return this.submitPriority.apply({}, Array.prototype.concat(MIDDLE_PRIORITY, args));","    };","","    Bottleneck.prototype.submitPriority = function() {","      var args, cb, j, job, priority, reachedHighWaterMark, shifted, task;","      priority = arguments[0], task = arguments[1], args = 4 <= arguments.length ? slice.call(arguments, 2, j = arguments.length - 1) : (j = 2, []), cb = arguments[j++];","      job = {","        task: task,","        args: args,","        cb: cb","      };","      priority = this._sanitizePriority(priority);","      reachedHighWaterMark = this.highWater >= 0 && this.nbQueued() === this.highWater && !this.check();","      if (this.strategy === Bottleneck.prototype.strategy.BLOCK && (reachedHighWaterMark || this.isBlocked())) {","        this._unblockTime = Date.now() + this.penalty;","        this._nextRequest = this._unblockTime + this.minTime;","        this._queues = this._makeQueues();","        this._trigger(\"dropped\", [job]);","        return true;","      } else if (reachedHighWaterMark) {","        shifted = this.strategy === Bottleneck.prototype.strategy.LEAK ? (this._getFirst(this._queues.slice(priority).reverse())).shift() : this.strategy === Bottleneck.prototype.strategy.OVERFLOW_PRIORITY ? (this._getFirst(this._queues.slice(priority + 1).reverse())).shift() : this.strategy === Bottleneck.prototype.strategy.OVERFLOW ? job : void 0;","        if (shifted != null) {","          this._trigger(\"dropped\", [shifted]);","        }","        if ((shifted == null) || this.strategy === Bottleneck.prototype.strategy.OVERFLOW) {","          return reachedHighWaterMark;","        }","      }","      this._queues[priority].push(job);","      this._tryToRun();","      return reachedHighWaterMark;","    };","","    Bottleneck.prototype.schedule = function() {","      var args;","      args = 1 <= arguments.length ? slice.call(arguments, 0) : [];","      return this.schedulePriority.apply({}, Array.prototype.concat(MIDDLE_PRIORITY, args));","    };","","    Bottleneck.prototype.schedulePriority = function() {","      var args, priority, task, wrapped;","      priority = arguments[0], task = arguments[1], args = 3 <= arguments.length ? slice.call(arguments, 2) : [];","      wrapped = function() {","        var args, cb, j;","        args = 2 <= arguments.length ? slice.call(arguments, 0, j = arguments.length - 1) : (j = 0, []), cb = arguments[j++];","        return (task.apply({}, args)).then(function() {","          var args;","          args = 1 <= arguments.length ? slice.call(arguments, 0) : [];","          return cb.apply({}, Array.prototype.concat(null, args));","        })[\"catch\"](function() {","          var args;","          args = 1 <= arguments.length ? slice.call(arguments, 0) : [];","          return cb.apply({}, args);","        });","      };","      return new Bottleneck.prototype.Promise((function(_this) {","        return function(resolve, reject) {","          return _this.submitPriority.apply({}, Array.prototype.concat(priority, wrapped, args, function() {","            var args;","            args = 1 <= arguments.length ? slice.call(arguments, 0) : [];","            return (args[0] != null ? reject : (args.shift(), resolve)).apply({}, args);","          }));","        };","      })(this));","    };","","    Bottleneck.prototype.changeSettings = function(maxNb, minTime, highWater, strategy, rejectOnDrop) {","      this.maxNb = maxNb != null ? maxNb : this.maxNb;","      this.minTime = minTime != null ? minTime : this.minTime;","      this.highWater = highWater != null ? highWater : this.highWater;","      this.strategy = strategy != null ? strategy : this.strategy;","      this.rejectOnDrop = rejectOnDrop != null ? rejectOnDrop : this.rejectOnDrop;","      while (this._tryToRun()) {}","      return this;","    };","","    Bottleneck.prototype.changePenalty = function(penalty) {","      this.penalty = penalty != null ? penalty : this.penalty;","      return this;","    };","","    Bottleneck.prototype.changeReservoir = function(reservoir) {","      this.reservoir = reservoir;","      while (this._tryToRun()) {}","      return this;","    };","","    Bottleneck.prototype.incrementReservoir = function(incr) {","      if (incr == null) {","        incr = 0;","      }","      this.changeReservoir(this.reservoir + incr);","      return this;","    };","","    Bottleneck.prototype.on = function(name, cb) {","      if (this.events[name] != null) {","        this.events[name].push(cb);","      } else {","        this.events[name] = [cb];","      }","      return this;","    };","","    Bottleneck.prototype.removeAllListeners = function(name) {","      if (name == null) {","        name = null;","      }","      if (name != null) {","        delete this.events[name];","      } else {","        this.events = {};","      }","      return this;","    };","","    Bottleneck.prototype.stopAll = function(interrupt) {","      var j, job, k, keys, l, len, len1;","      this.interrupt = interrupt != null ? interrupt : this.interrupt;","      keys = Object.keys(this._running);","      for (j = 0, len = keys.length; j < len; j++) {","        k = keys[j];","        clearTimeout(this._running[k].timeout);","      }","      this._tryToRun = function() {};","      this.check = function() {","        return false;","      };","      this.submit = this.submitPriority = function() {","        var args, cb, l;","        args = 2 <= arguments.length ? slice.call(arguments, 0, l = arguments.length - 1) : (l = 0, []), cb = arguments[l++];","        return cb(new Error(\"This limiter is stopped\"));","      };","      this.schedule = this.schedulePriority = function() {","        return Promise.reject(new Error(\"This limiter is stopped\"));","      };","      if (this.interrupt) {","        for (l = 0, len1 = keys.length; l < len1; l++) {","          k = keys[l];","          this._trigger(\"dropped\", [this._running[k].job]);","        }","      }","      while (job = (this._getFirst(this._queues)).shift()) {","        this._trigger(\"dropped\", [job]);","      }","      this._trigger(\"empty\", []);","      if (this.nbRunning() === 0) {","        this._trigger(\"idle\", []);","      }","      return this;","    };","","    return Bottleneck;","","  })();","","  module.exports = Bottleneck;","","}).call(this);","","},{\"./Cluster\":2,\"./DLList\":3,\"bluebird\":undefined}],2:[function(require,module,exports){","// Generated by CoffeeScript 1.11.0","(function() {","  var Cluster,","    hasProp = {}.hasOwnProperty;","","  Cluster = (function() {","    function Cluster(maxNb, minTime, highWater, strategy, rejectOnDrop) {","      this.maxNb = maxNb;","      this.minTime = minTime;","      this.highWater = highWater;","      this.strategy = strategy;","      this.rejectOnDrop = rejectOnDrop;","      this.limiters = {};","      this.Bottleneck = require(\"./Bottleneck\");","      this.startAutoCleanup();","    }","","    Cluster.prototype.key = function(key) {","      var ref;","      if (key == null) {","        key = \"\";","      }","      return (ref = this.limiters[key]) != null ? ref : (this.limiters[key] = new this.Bottleneck(this.maxNb, this.minTime, this.highWater, this.strategy, this.rejectOnDrop));","    };","","    Cluster.prototype.deleteKey = function(key) {","      if (key == null) {","        key = \"\";","      }","      return delete this.limiters[key];","    };","","    Cluster.prototype.all = function(cb) {","      var k, ref, results, v;","      ref = this.limiters;","      results = [];","      for (k in ref) {","        if (!hasProp.call(ref, k)) continue;","        v = ref[k];","        results.push(cb(v));","      }","      return results;","    };","","    Cluster.prototype.keys = function() {","      return Object.keys(this.limiters);","    };","","    Cluster.prototype.startAutoCleanup = function() {","      var base;","      this.stopAutoCleanup();","      return typeof (base = (this.interval = setInterval((function(_this) {","        return function() {","          var k, ref, results, time, v;","          time = Date.now();","          ref = _this.limiters;","          results = [];","          for (k in ref) {","            v = ref[k];","            if ((v._nextRequest + (1000 * 60 * 5)) < time) {","              results.push(_this.deleteKey(k));","            } else {","              results.push(void 0);","            }","          }","          return results;","        };","      })(this), 1000 * 30))).unref === \"function\" ? base.unref() : void 0;","    };","","    Cluster.prototype.stopAutoCleanup = function() {","      return clearInterval(this.interval);","    };","","    return Cluster;","","  })();","","  module.exports = Cluster;","","}).call(this);","","},{\"./Bottleneck\":1}],3:[function(require,module,exports){","// Generated by CoffeeScript 1.11.0","(function() {","  var DLList;","","  DLList = (function() {","    function DLList() {","      this._first = null;","      this._last = null;","      this.length = 0;","    }","","    DLList.prototype.push = function(value) {","      var node;","      this.length++;","      node = {","        value: value,","        next: null","      };","      if (this._last != null) {","        this._last.next = node;","        this._last = node;","      } else {","        this._first = this._last = node;","      }","      return void 0;","    };","","    DLList.prototype.shift = function() {","      var ref1, value;","      if (this._first == null) {","        return void 0;","      } else {","        this.length--;","      }","      value = this._first.value;","      this._first = (ref1 = this._first.next) != null ? ref1 : (this._last = null);","      return value;","    };","","    DLList.prototype.getArray = function() {","      var node, ref, results;","      node = this._first;","      results = [];","      while (node != null) {","        results.push((ref = node, node = node.next, ref.value));","      }","      return results;","    };","","    return DLList;","","  })();","","  module.exports = DLList;","","}).call(this);","","},{}],4:[function(require,module,exports){","(function (global){","// Generated by CoffeeScript 1.11.0","(function() {","  module.exports = require(\"./Bottleneck\");","","  if (global.window != null) {","    global.window.Bottleneck = module.exports;","  }","","}).call(this);","","}).call(this,typeof global !== \"undefined\" ? global : typeof self !== \"undefined\" ? self : typeof window !== \"undefined\" ? window : {})","},{\"./Bottleneck\":1}]},{},[4]);",""],"l":{"1":5,"3":1,"4":1,"5":0,"8":1,"10":1,"12":1,"13":1,"15":1,"22":1,"24":1,"26":1,"27":1,"28":1,"30":1,"31":1,"32":0,"37":1,"38":0,"39":0,"40":0,"41":0,"42":0,"43":0,"44":0,"45":0,"46":0,"47":0,"48":0,"49":0,"50":0,"51":0,"52":0,"53":0,"54":0,"55":0,"56":0,"59":1,"60":0,"61":0,"63":0,"64":0,"65":0,"66":0,"67":0,"73":1,"74":0,"75":0,"76":0,"77":0,"79":0,"82":1,"83":0,"84":0,"87":1,"88":0,"91":1,"92":0,"93":0,"94":0,"95":0,"96":0,"97":0,"99":0,"103":1,"104":0,"105":0,"106":0,"107":0,"108":0,"111":0,"114":1,"115":0,"116":0,"118":0,"119":0,"124":1,"125":0,"128":1,"129":0,"130":0,"134":1,"135":0,"138":1,"139":0,"142":1,"143":0,"144":0,"145":0,"146":0,"147":0,"149":0,"150":0,"151":0,"152":0,"153":0,"155":0,"156":0,"157":0,"159":0,"160":0,"161":0,"162":0,"163":0,"164":0,"165":0,"166":0,"167":0,"168":0,"169":0,"171":0,"172":0,"176":0,"177":0,"179":0,"185":0,"187":0,"191":1,"192":0,"193":0,"194":0,"197":1,"198":0,"199":0,"200":0,"205":0,"206":0,"207":0,"208":0,"209":0,"210":0,"211":0,"212":0,"213":0,"214":0,"215":0,"216":0,"218":0,"219":0,"222":0,"223":0,"224":0,"227":1,"228":0,"229":0,"230":0,"233":1,"234":0,"235":0,"236":0,"237":0,"238":0,"239":0,"240":0,"241":0,"242":0,"244":0,"245":0,"246":0,"249":0,"250":0,"251":0,"252":0,"253":0,"254":0,"260":1,"261":0,"262":0,"263":0,"264":0,"265":0,"266":0,"267":0,"270":1,"271":0,"272":0,"275":1,"276":0,"277":0,"278":0,"281":1,"282":0,"283":0,"285":0,"286":0,"289":1,"290":0,"291":0,"293":0,"295":0,"298":1,"299":0,"300":0,"302":0,"303":0,"305":0,"307":0,"310":1,"311":0,"312":0,"313":0,"314":0,"315":0,"316":0,"318":0,"319":0,"320":0,"322":0,"323":0,"324":0,"325":0,"327":0,"328":0,"330":0,"331":0,"332":0,"333":0,"336":0,"337":0,"339":0,"340":0,"341":0,"343":0,"346":1,"350":1,"356":1,"357":1,"360":1,"361":1,"362":0,"363":0,"364":0,"365":0,"366":0,"367":0,"368":0,"369":0,"372":1,"373":0,"374":0,"375":0,"377":0,"380":1,"381":0,"382":0,"384":0,"387":1,"388":0,"389":0,"390":0,"391":0,"392":0,"393":0,"394":0,"396":0,"399":1,"400":0,"403":1,"404":0,"405":0,"406":0,"407":0,"408":0,"409":0,"410":0,"411":0,"412":0,"413":0,"414":0,"415":0,"417":0,"420":0,"425":1,"426":0,"429":1,"433":1,"439":1,"440":1,"442":1,"443":1,"444":0,"445":0,"446":0,"449":1,"450":0,"451":0,"452":0,"456":0,"457":0,"458":0,"460":0,"462":0,"465":1,"466":0,"467":0,"468":0,"470":0,"472":0,"473":0,"474":0,"477":1,"478":0,"479":0,"480":0,"481":0,"482":0,"484":0,"487":1,"491":1,"496":1,"498":1,"499":1,"501":1,"502":0}}}